{"/home/travis/build/npmtest/node-npmtest-mobx/test.js":{"path":"/home/travis/build/npmtest/node-npmtest-mobx/test.js","s":{"1":2,"2":2,"3":2,"4":2,"5":2,"6":2,"7":2,"8":1,"9":2,"10":2,"11":1,"12":1,"13":1,"14":1,"15":2,"16":2,"17":2,"18":2,"19":1,"20":1,"21":2,"22":2,"23":2,"24":1,"25":1,"26":1,"27":1,"28":1,"29":1,"30":1,"31":1,"32":1,"33":1,"34":1,"35":1,"36":1,"37":1,"38":1,"39":2,"40":2,"41":1,"42":2,"43":2,"44":1,"45":2,"46":2,"47":1,"48":2,"49":2,"50":1,"51":1,"52":1,"53":1,"54":1},"b":{"1":[2,1,1,1],"2":[1,1,1,1],"3":[1,1],"4":[1,1],"5":[1,1],"6":[1,1],"7":[1,1],"8":[1,1],"9":[1,1],"10":[1,1,1],"11":[1,1],"12":[1,1],"13":[1,1],"14":[1,1],"15":[1,1],"16":[1,1],"17":[1,1]},"f":{"1":2,"2":2,"3":2,"4":2,"5":2,"6":1,"7":1,"8":1,"9":2,"10":2,"11":2,"12":2,"13":1},"fnMap":{"1":{"name":"(anonymous_1)","line":12,"loc":{"start":{"line":12,"column":1},"end":{"line":12,"column":13}}},"2":{"name":"(anonymous_2)","line":19,"loc":{"start":{"line":19,"column":5},"end":{"line":19,"column":17}}},"3":{"name":"(anonymous_3)","line":23,"loc":{"start":{"line":23,"column":24},"end":{"line":23,"column":36}}},"4":{"name":"(anonymous_4)","line":61,"loc":{"start":{"line":61,"column":5},"end":{"line":61,"column":17}}},"5":{"name":"(anonymous_5)","line":82,"loc":{"start":{"line":82,"column":5},"end":{"line":82,"column":17}}},"6":{"name":"(anonymous_6)","line":91,"loc":{"start":{"line":91,"column":77},"end":{"line":94,"column":10}}},"7":{"name":"(anonymous_7)","line":112,"loc":{"start":{"line":112,"column":83},"end":{"line":115,"column":10}},"skip":true},"8":{"name":"(anonymous_8)","line":123,"loc":{"start":{"line":123,"column":77},"end":{"line":126,"column":10}},"skip":true},"9":{"name":"(anonymous_9)","line":139,"loc":{"start":{"line":139,"column":12},"end":{"line":139,"column":40}},"skip":true},"10":{"name":"(anonymous_10)","line":147,"loc":{"start":{"line":147,"column":77},"end":{"line":150,"column":10}},"skip":true},"11":{"name":"(anonymous_11)","line":158,"loc":{"start":{"line":158,"column":83},"end":{"line":161,"column":10}},"skip":true},"12":{"name":"(anonymous_12)","line":169,"loc":{"start":{"line":169,"column":79},"end":{"line":172,"column":10}},"skip":true},"13":{"name":"(anonymous_13)","line":180,"loc":{"start":{"line":180,"column":75},"end":{"line":183,"column":10}},"skip":true}},"statementMap":{"1":{"start":{"line":12,"column":0},"end":{"line":195,"column":5}},"2":{"start":{"line":14,"column":4},"end":{"line":14,"column":14}},"3":{"start":{"line":19,"column":4},"end":{"line":56,"column":9}},"4":{"start":{"line":21,"column":8},"end":{"line":21,"column":19}},"5":{"start":{"line":23,"column":8},"end":{"line":35,"column":13}},"6":{"start":{"line":24,"column":12},"end":{"line":34,"column":13}},"7":{"start":{"line":25,"column":16},"end":{"line":28,"column":30}},"8":{"start":{"line":30,"column":16},"end":{"line":33,"column":27}},"9":{"start":{"line":37,"column":8},"end":{"line":39,"column":21}},"10":{"start":{"line":40,"column":8},"end":{"line":53,"column":9}},"11":{"start":{"line":43,"column":12},"end":{"line":46,"column":14}},"12":{"start":{"line":47,"column":12},"end":{"line":47,"column":18}},"13":{"start":{"line":50,"column":12},"end":{"line":51,"column":33}},"14":{"start":{"line":52,"column":12},"end":{"line":52,"column":18}},"15":{"start":{"line":55,"column":8},"end":{"line":55,"column":35}},"16":{"start":{"line":61,"column":4},"end":{"line":63,"column":9}},"17":{"start":{"line":62,"column":8},"end":{"line":62,"column":15}},"18":{"start":{"line":64,"column":4},"end":{"line":77,"column":5}},"19":{"start":{"line":70,"column":8},"end":{"line":70,"column":14}},"20":{"start":{"line":76,"column":8},"end":{"line":76,"column":14}},"21":{"start":{"line":82,"column":4},"end":{"line":84,"column":9}},"22":{"start":{"line":83,"column":8},"end":{"line":83,"column":15}},"23":{"start":{"line":85,"column":4},"end":{"line":194,"column":5}},"24":{"start":{"line":91,"column":8},"end":{"line":99,"column":10}},"25":{"start":{"line":98,"column":12},"end":{"line":98,"column":35}},"26":{"start":{"line":102,"column":8},"end":{"line":104,"column":63}},"27":{"start":{"line":105,"column":8},"end":{"line":105,"column":14}},"28":{"start":{"line":112,"column":8},"end":{"line":121,"column":10},"skip":true},"29":{"start":{"line":119,"column":12},"end":{"line":119,"column":55},"skip":true},"30":{"start":{"line":120,"column":12},"end":{"line":120,"column":48},"skip":true},"31":{"start":{"line":123,"column":8},"end":{"line":136,"column":10},"skip":true},"32":{"start":{"line":130,"column":12},"end":{"line":130,"column":76},"skip":true},"33":{"start":{"line":131,"column":12},"end":{"line":131,"column":73},"skip":true},"34":{"start":{"line":132,"column":12},"end":{"line":132,"column":74},"skip":true},"35":{"start":{"line":133,"column":12},"end":{"line":133,"column":79},"skip":true},"36":{"start":{"line":134,"column":12},"end":{"line":134,"column":25},"skip":true},"37":{"start":{"line":135,"column":12},"end":{"line":135,"column":45},"skip":true},"38":{"start":{"line":138,"column":8},"end":{"line":145,"column":14},"skip":true},"39":{"start":{"line":143,"column":16},"end":{"line":143,"column":29},"skip":true},"40":{"start":{"line":144,"column":16},"end":{"line":144,"column":55},"skip":true},"41":{"start":{"line":147,"column":8},"end":{"line":156,"column":10},"skip":true},"42":{"start":{"line":154,"column":12},"end":{"line":154,"column":25},"skip":true},"43":{"start":{"line":155,"column":12},"end":{"line":155,"column":45},"skip":true},"44":{"start":{"line":158,"column":8},"end":{"line":167,"column":10},"skip":true},"45":{"start":{"line":165,"column":12},"end":{"line":165,"column":25},"skip":true},"46":{"start":{"line":166,"column":12},"end":{"line":166,"column":48},"skip":true},"47":{"start":{"line":169,"column":8},"end":{"line":178,"column":10},"skip":true},"48":{"start":{"line":176,"column":12},"end":{"line":176,"column":25},"skip":true},"49":{"start":{"line":177,"column":12},"end":{"line":177,"column":46},"skip":true},"50":{"start":{"line":180,"column":8},"end":{"line":189,"column":10},"skip":true},"51":{"start":{"line":187,"column":12},"end":{"line":187,"column":94},"skip":true},"52":{"start":{"line":188,"column":12},"end":{"line":188,"column":48},"skip":true},"53":{"start":{"line":192,"column":8},"end":{"line":192,"column":35},"skip":true},"54":{"start":{"line":193,"column":8},"end":{"line":193,"column":14},"skip":true}},"branchMap":{"1":{"line":25,"type":"binary-expr","locations":[{"start":{"line":25,"column":23},"end":{"line":25,"column":62}},{"start":{"line":26,"column":20},"end":{"line":26,"column":70}},{"start":{"line":27,"column":20},"end":{"line":27,"column":71}},{"start":{"line":28,"column":20},"end":{"line":28,"column":29}}]},"2":{"line":30,"type":"binary-expr","locations":[{"start":{"line":30,"column":23},"end":{"line":30,"column":37}},{"start":{"line":31,"column":20},"end":{"line":31,"column":61}},{"start":{"line":32,"column":20},"end":{"line":32,"column":70}},{"start":{"line":33,"column":20},"end":{"line":33,"column":26}}]},"3":{"line":37,"type":"cond-expr","locations":[{"start":{"line":38,"column":14},"end":{"line":38,"column":20}},{"start":{"line":39,"column":14},"end":{"line":39,"column":20}}]},"4":{"line":40,"type":"switch","locations":[{"start":{"line":42,"column":8},"end":{"line":47,"column":18}},{"start":{"line":49,"column":8},"end":{"line":52,"column":18}}]},"5":{"line":44,"type":"binary-expr","locations":[{"start":{"line":44,"column":16},"end":{"line":44,"column":44}},{"start":{"line":44,"column":48},"end":{"line":44,"column":66}}]},"6":{"line":50,"type":"binary-expr","locations":[{"start":{"line":50,"column":21},"end":{"line":50,"column":49}},{"start":{"line":50,"column":53},"end":{"line":50,"column":72}}]},"7":{"line":64,"type":"switch","locations":[{"start":{"line":69,"column":4},"end":{"line":70,"column":14}},{"start":{"line":75,"column":4},"end":{"line":76,"column":14}}]},"8":{"line":85,"type":"switch","locations":[{"start":{"line":90,"column":4},"end":{"line":105,"column":14}},{"start":{"line":111,"column":4},"end":{"line":193,"column":14},"skip":true}]},"9":{"line":91,"type":"binary-expr","locations":[{"start":{"line":91,"column":42},"end":{"line":91,"column":73}},{"start":{"line":91,"column":77},"end":{"line":99,"column":9}}]},"10":{"line":102,"type":"binary-expr","locations":[{"start":{"line":102,"column":18},"end":{"line":102,"column":32}},{"start":{"line":103,"column":12},"end":{"line":103,"column":53}},{"start":{"line":104,"column":12},"end":{"line":104,"column":61}}]},"11":{"line":112,"type":"binary-expr","locations":[{"start":{"line":112,"column":45},"end":{"line":112,"column":79},"skip":true},{"start":{"line":112,"column":83},"end":{"line":121,"column":9},"skip":true}]},"12":{"line":123,"type":"binary-expr","locations":[{"start":{"line":123,"column":42},"end":{"line":123,"column":73},"skip":true},{"start":{"line":123,"column":77},"end":{"line":136,"column":9},"skip":true}]},"13":{"line":138,"type":"binary-expr","locations":[{"start":{"line":138,"column":48},"end":{"line":138,"column":85},"skip":true},{"start":{"line":139,"column":12},"end":{"line":145,"column":13},"skip":true}]},"14":{"line":147,"type":"binary-expr","locations":[{"start":{"line":147,"column":42},"end":{"line":147,"column":73},"skip":true},{"start":{"line":147,"column":77},"end":{"line":156,"column":9},"skip":true}]},"15":{"line":158,"type":"binary-expr","locations":[{"start":{"line":158,"column":45},"end":{"line":158,"column":79},"skip":true},{"start":{"line":158,"column":83},"end":{"line":167,"column":9},"skip":true}]},"16":{"line":169,"type":"binary-expr","locations":[{"start":{"line":169,"column":43},"end":{"line":169,"column":75},"skip":true},{"start":{"line":169,"column":79},"end":{"line":178,"column":9},"skip":true}]},"17":{"line":180,"type":"binary-expr","locations":[{"start":{"line":180,"column":41},"end":{"line":180,"column":71},"skip":true},{"start":{"line":180,"column":75},"end":{"line":189,"column":9},"skip":true}]}},"code":["/* istanbul instrument in package npmtest_mobx */","/*jslint","    bitwise: true,","    browser: true,","    maxerr: 8,","    maxlen: 96,","    node: true,","    nomen: true,","    regexp: true,","    stupid: true","*/","(function () {","    'use strict';","    var local;","","","","    // run shared js-env code - init-before","    (function () {","        // init local","        local = {};","        // init modeJs","        local.modeJs = (function () {","            try {","                return typeof navigator.userAgent === 'string' &&","                    typeof document.querySelector('body') === 'object' &&","                    typeof XMLHttpRequest.prototype.open === 'function' &&","                    'browser';","            } catch (errorCaughtBrowser) {","                return module.exports &&","                    typeof process.versions.node === 'string' &&","                    typeof require('http').createServer === 'function' &&","                    'node';","            }","        }());","        // init global","        local.global = local.modeJs === 'browser'","            ? window","            : global;","        switch (local.modeJs) {","        // re-init local from window.local","        case 'browser':","            local = local.global.utility2.objectSetDefault(","                local.global.utility2_rollup || local.global.local,","                local.global.utility2","            );","            break;","        // re-init local from example.js","        case 'node':","            local = (local.global.utility2_rollup || require('utility2'))","                .requireReadme();","            break;","        }","        // export local","        local.global.local = local;","    }());","","","","    // run shared js-env code - function","    (function () {","        return;","    }());","    switch (local.modeJs) {","","","","    // run browser js-env code - function","    case 'browser':","        break;","","","","    // run node js-env code - function","    case 'node':","        break;","    }","","","","    // run shared js-env code - init-after","    (function () {","        return;","    }());","    switch (local.modeJs) {","","","","    // run browser js-env code - init-after","    case 'browser':","        local.testCase_browser_nullCase = local.testCase_browser_nullCase || function (","            options,","            onError","        ) {","        /*","         * this function will test browsers's null-case handling-behavior-behavior","         */","            onError(null, options);","        };","","        // run tests","        local.nop(local.modeTest &&","            document.querySelector('#testRunButton1') &&","            document.querySelector('#testRunButton1').click());","        break;","","","","    // run node js-env code - init-after","    /* istanbul ignore next */","    case 'node':","        local.testCase_buildApidoc_default = local.testCase_buildApidoc_default || function (","            options,","            onError","        ) {","        /*","         * this function will test buildApidoc's default handling-behavior-behavior","         */","            options = { modulePathList: module.paths };","            local.buildApidoc(options, onError);","        };","","        local.testCase_buildApp_default = local.testCase_buildApp_default || function (","            options,","            onError","        ) {","        /*","         * this function will test buildApp's default handling-behavior-behavior","         */","            local.testCase_buildReadme_default(options, local.onErrorThrow);","            local.testCase_buildLib_default(options, local.onErrorThrow);","            local.testCase_buildTest_default(options, local.onErrorThrow);","            local.testCase_buildCustomOrg_default(options, local.onErrorThrow);","            options = [];","            local.buildApp(options, onError);","        };","","        local.testCase_buildCustomOrg_default = local.testCase_buildCustomOrg_default ||","            function (options, onError) {","            /*","             * this function will test buildCustomOrg's default handling-behavior","             */","                options = {};","                local.buildCustomOrg(options, onError);","            };","","        local.testCase_buildLib_default = local.testCase_buildLib_default || function (","            options,","            onError","        ) {","        /*","         * this function will test buildLib's default handling-behavior","         */","            options = {};","            local.buildLib(options, onError);","        };","","        local.testCase_buildReadme_default = local.testCase_buildReadme_default || function (","            options,","            onError","        ) {","        /*","         * this function will test buildReadme's default handling-behavior-behavior","         */","            options = {};","            local.buildReadme(options, onError);","        };","","        local.testCase_buildTest_default = local.testCase_buildTest_default || function (","            options,","            onError","        ) {","        /*","         * this function will test buildTest's default handling-behavior","         */","            options = {};","            local.buildTest(options, onError);","        };","","        local.testCase_webpage_default = local.testCase_webpage_default || function (","            options,","            onError","        ) {","        /*","         * this function will test webpage's default handling-behavior","         */","            options = { modeCoverageMerge: true, url: local.serverLocalHost + '?modeTest=1' };","            local.browserTest(options, onError);","        };","","        // run test-server","        local.testRunServer(local);","        break;","    }","}());",""],"l":{"12":2,"14":2,"19":2,"21":2,"23":2,"24":2,"25":2,"30":1,"37":2,"40":2,"43":1,"47":1,"50":1,"52":1,"55":2,"61":2,"62":2,"64":2,"70":1,"76":1,"82":2,"83":2,"85":2,"91":1,"98":1,"102":1,"105":1,"112":1,"119":1,"120":1,"123":1,"130":1,"131":1,"132":1,"133":1,"134":1,"135":1,"138":1,"143":2,"144":2,"147":1,"154":2,"155":2,"158":1,"165":2,"166":2,"169":1,"176":2,"177":2,"180":1,"187":1,"188":1,"192":1,"193":1}},"/home/travis/build/npmtest/node-npmtest-mobx/lib.npmtest_mobx.js":{"path":"/home/travis/build/npmtest/node-npmtest-mobx/lib.npmtest_mobx.js","s":{"1":2,"2":2,"3":2,"4":2,"5":2,"6":2,"7":2,"8":1,"9":2,"10":2,"11":2,"12":2,"13":1,"14":1,"15":1,"16":1},"b":{"1":[2,1,1,1],"2":[1,1,1,1],"3":[1,1],"4":[2,2],"5":[1,1]},"f":{"1":2,"2":2,"3":2},"fnMap":{"1":{"name":"(anonymous_1)","line":12,"loc":{"start":{"line":12,"column":1},"end":{"line":12,"column":13}}},"2":{"name":"(anonymous_2)","line":19,"loc":{"start":{"line":19,"column":5},"end":{"line":19,"column":17}}},"3":{"name":"(anonymous_3)","line":23,"loc":{"start":{"line":23,"column":24},"end":{"line":23,"column":36}}}},"statementMap":{"1":{"start":{"line":12,"column":0},"end":{"line":53,"column":5}},"2":{"start":{"line":14,"column":4},"end":{"line":14,"column":14}},"3":{"start":{"line":19,"column":4},"end":{"line":52,"column":9}},"4":{"start":{"line":21,"column":8},"end":{"line":21,"column":19}},"5":{"start":{"line":23,"column":8},"end":{"line":35,"column":13}},"6":{"start":{"line":24,"column":12},"end":{"line":34,"column":13}},"7":{"start":{"line":25,"column":16},"end":{"line":28,"column":30}},"8":{"start":{"line":30,"column":16},"end":{"line":33,"column":27}},"9":{"start":{"line":37,"column":8},"end":{"line":39,"column":21}},"10":{"start":{"line":41,"column":8},"end":{"line":41,"column":54}},"11":{"start":{"line":43,"column":8},"end":{"line":43,"column":49}},"12":{"start":{"line":45,"column":8},"end":{"line":51,"column":9}},"13":{"start":{"line":46,"column":12},"end":{"line":46,"column":55}},"14":{"start":{"line":48,"column":12},"end":{"line":48,"column":35}},"15":{"start":{"line":49,"column":12},"end":{"line":49,"column":49}},"16":{"start":{"line":50,"column":12},"end":{"line":50,"column":43}}},"branchMap":{"1":{"line":25,"type":"binary-expr","locations":[{"start":{"line":25,"column":23},"end":{"line":25,"column":62}},{"start":{"line":26,"column":20},"end":{"line":26,"column":70}},{"start":{"line":27,"column":20},"end":{"line":27,"column":71}},{"start":{"line":28,"column":20},"end":{"line":28,"column":29}}]},"2":{"line":30,"type":"binary-expr","locations":[{"start":{"line":30,"column":23},"end":{"line":30,"column":37}},{"start":{"line":31,"column":20},"end":{"line":31,"column":61}},{"start":{"line":32,"column":20},"end":{"line":32,"column":70}},{"start":{"line":33,"column":20},"end":{"line":33,"column":26}}]},"3":{"line":37,"type":"cond-expr","locations":[{"start":{"line":38,"column":14},"end":{"line":38,"column":20}},{"start":{"line":39,"column":14},"end":{"line":39,"column":20}}]},"4":{"line":41,"type":"binary-expr","locations":[{"start":{"line":41,"column":16},"end":{"line":41,"column":44}},{"start":{"line":41,"column":48},"end":{"line":41,"column":53}}]},"5":{"line":45,"type":"if","locations":[{"start":{"line":45,"column":8},"end":{"line":45,"column":8}},{"start":{"line":45,"column":8},"end":{"line":45,"column":8}}]}},"code":["/* istanbul instrument in package npmtest_mobx */","/*jslint","    bitwise: true,","    browser: true,","    maxerr: 8,","    maxlen: 96,","    node: true,","    nomen: true,","    regexp: true,","    stupid: true","*/","(function () {","    'use strict';","    var local;","","","","    // run shared js-env code - init-before","    (function () {","        // init local","        local = {};","        // init modeJs","        local.modeJs = (function () {","            try {","                return typeof navigator.userAgent === 'string' &&","                    typeof document.querySelector('body') === 'object' &&","                    typeof XMLHttpRequest.prototype.open === 'function' &&","                    'browser';","            } catch (errorCaughtBrowser) {","                return module.exports &&","                    typeof process.versions.node === 'string' &&","                    typeof require('http').createServer === 'function' &&","                    'node';","            }","        }());","        // init global","        local.global = local.modeJs === 'browser'","            ? window","            : global;","        // init utility2_rollup","        local = local.global.utility2_rollup || local;","        // init lib","        local.local = local.npmtest_mobx = local;","        // init exports","        if (local.modeJs === 'browser') {","            local.global.utility2_npmtest_mobx = local;","        } else {","            module.exports = local;","            module.exports.__dirname = __dirname;","            module.exports.module = module;","        }","    }());","}());",""],"l":{"12":2,"14":2,"19":2,"21":2,"23":2,"24":2,"25":2,"30":1,"37":2,"41":2,"43":2,"45":2,"46":1,"48":1,"49":1,"50":1}},"/home/travis/build/npmtest/node-npmtest-mobx/example.js":{"path":"/home/travis/build/npmtest/node-npmtest-mobx/example.js","s":{"1":2,"2":2,"3":2,"4":2,"5":2,"6":2,"7":2,"8":1,"9":2,"10":2,"11":2,"12":2,"13":1,"14":2,"15":2,"16":2,"17":2,"18":2,"19":0,"20":2,"21":1,"22":1,"23":1,"24":1,"25":1,"26":0,"27":0,"28":1,"29":1,"30":2,"31":0,"32":0,"33":0,"34":1,"35":2,"36":2,"37":3,"38":3,"39":3,"40":3,"41":0,"42":3,"43":3,"44":3,"45":1,"46":3,"47":1,"48":1,"49":1,"50":1,"51":1,"52":1,"53":1,"54":1,"55":1,"56":1,"57":0,"58":1,"59":6,"60":6,"61":1,"62":2,"63":0,"64":2,"65":1,"66":1,"67":0,"68":0,"69":0,"70":0,"71":0,"72":0,"73":0,"74":0,"75":0,"76":0,"77":0,"78":0,"79":0,"80":0,"81":0,"82":0,"83":0},"b":{"1":[2,1,1,1],"2":[1,1,1,1],"3":[1,1],"4":[2,2],"5":[1,1],"6":[1,1],"7":[2,0],"8":[2,1,1,1,1,1],"9":[0,2,0],"10":[1,1],"11":[2,1,1],"12":[1,0],"13":[0,2],"14":[2,0,0,0,0,0,0],"15":[0,3],"16":[3,0],"17":[1,1],"18":[0,1],"19":[1,2,0,2],"20":[1,0],"21":[1,1],"22":[0,0],"23":[0,0],"24":[0,0],"25":[0,0],"26":[0,0],"27":[0,0],"28":[0,0]},"f":{"1":2,"2":2,"3":2,"4":2,"5":2,"6":2,"7":3,"8":3,"9":3,"10":1,"11":6,"12":0},"fnMap":{"1":{"name":"(anonymous_1)","line":26,"loc":{"start":{"line":26,"column":1},"end":{"line":26,"column":13}}},"2":{"name":"(anonymous_2)","line":33,"loc":{"start":{"line":33,"column":5},"end":{"line":33,"column":17}}},"3":{"name":"(anonymous_3)","line":37,"loc":{"start":{"line":37,"column":24},"end":{"line":37,"column":36}}},"4":{"name":"(anonymous_4)","line":69,"loc":{"start":{"line":69,"column":31},"end":{"line":69,"column":48}},"skip":true},"5":{"name":"(anonymous_5)","line":78,"loc":{"start":{"line":78,"column":26},"end":{"line":78,"column":45}},"skip":true},"6":{"name":"(anonymous_6)","line":123,"loc":{"start":{"line":123,"column":33},"end":{"line":123,"column":48}},"skip":true},"7":{"name":"(anonymous_7)","line":125,"loc":{"start":{"line":125,"column":27},"end":{"line":125,"column":39}},"skip":true},"8":{"name":"(anonymous_8)","line":133,"loc":{"start":{"line":133,"column":59},"end":{"line":133,"column":74}},"skip":true},"9":{"name":"(anonymous_9)","line":143,"loc":{"start":{"line":143,"column":45},"end":{"line":143,"column":62}},"skip":true},"10":{"name":"(anonymous_10)","line":144,"loc":{"start":{"line":144,"column":73},"end":{"line":144,"column":92}},"skip":true},"11":{"name":"(anonymous_11)","line":272,"loc":{"start":{"line":272,"column":51},"end":{"line":272,"column":77}},"skip":true},"12":{"name":"(anonymous_12)","line":315,"loc":{"start":{"line":315,"column":32},"end":{"line":315,"column":61}},"skip":true}},"statementMap":{"1":{"start":{"line":26,"column":0},"end":{"line":326,"column":5}},"2":{"start":{"line":28,"column":4},"end":{"line":28,"column":14}},"3":{"start":{"line":33,"column":4},"end":{"line":60,"column":9}},"4":{"start":{"line":35,"column":8},"end":{"line":35,"column":19}},"5":{"start":{"line":37,"column":8},"end":{"line":49,"column":13}},"6":{"start":{"line":38,"column":12},"end":{"line":48,"column":13}},"7":{"start":{"line":39,"column":16},"end":{"line":42,"column":30}},"8":{"start":{"line":44,"column":16},"end":{"line":47,"column":27}},"9":{"start":{"line":51,"column":8},"end":{"line":53,"column":21}},"10":{"start":{"line":55,"column":8},"end":{"line":57,"column":45}},"11":{"start":{"line":59,"column":8},"end":{"line":59,"column":35}},"12":{"start":{"line":61,"column":4},"end":{"line":325,"column":5}},"13":{"start":{"line":69,"column":8},"end":{"line":121,"column":10},"skip":true},"14":{"start":{"line":70,"column":12},"end":{"line":88,"column":13},"skip":true},"15":{"start":{"line":76,"column":16},"end":{"line":87,"column":19},"skip":true},"16":{"start":{"line":79,"column":20},"end":{"line":86,"column":21},"skip":true},"17":{"start":{"line":82,"column":24},"end":{"line":82,"column":43},"skip":true},"18":{"start":{"line":83,"column":24},"end":{"line":83,"column":30},"skip":true},"19":{"start":{"line":85,"column":24},"end":{"line":85,"column":49},"skip":true},"20":{"start":{"line":89,"column":12},"end":{"line":107,"column":13},"skip":true},"21":{"start":{"line":92,"column":16},"end":{"line":102,"column":17},"skip":true},"22":{"start":{"line":93,"column":20},"end":{"line":93,"column":86},"skip":true},"23":{"start":{"line":94,"column":20},"end":{"line":95,"column":45},"skip":true},"24":{"start":{"line":96,"column":20},"end":{"line":96,"column":42},"skip":true},"25":{"start":{"line":97,"column":20},"end":{"line":97,"column":48},"skip":true},"26":{"start":{"line":100,"column":20},"end":{"line":100,"column":85},"skip":true},"27":{"start":{"line":101,"column":20},"end":{"line":101,"column":96},"skip":true},"28":{"start":{"line":103,"column":16},"end":{"line":103,"column":22},"skip":true},"29":{"start":{"line":106,"column":16},"end":{"line":106,"column":22},"skip":true},"30":{"start":{"line":108,"column":12},"end":{"line":120,"column":13},"skip":true},"31":{"start":{"line":114,"column":16},"end":{"line":119,"column":17},"skip":true},"32":{"start":{"line":116,"column":20},"end":{"line":116,"column":78},"skip":true},"33":{"start":{"line":118,"column":20},"end":{"line":118,"column":47},"skip":true},"34":{"start":{"line":123,"column":8},"end":{"line":141,"column":11},"skip":true},"35":{"start":{"line":124,"column":12},"end":{"line":124,"column":54},"skip":true},"36":{"start":{"line":125,"column":12},"end":{"line":140,"column":14},"skip":true},"37":{"start":{"line":126,"column":16},"end":{"line":126,"column":28},"skip":true},"38":{"start":{"line":127,"column":16},"end":{"line":127,"column":69},"skip":true},"39":{"start":{"line":128,"column":16},"end":{"line":128,"column":75},"skip":true},"40":{"start":{"line":129,"column":16},"end":{"line":131,"column":17},"skip":true},"41":{"start":{"line":130,"column":20},"end":{"line":130,"column":27},"skip":true},"42":{"start":{"line":133,"column":16},"end":{"line":137,"column":36},"skip":true},"43":{"start":{"line":134,"column":20},"end":{"line":136,"column":55},"skip":true},"44":{"start":{"line":139,"column":16},"end":{"line":139,"column":57},"skip":true},"45":{"start":{"line":143,"column":8},"end":{"line":147,"column":11},"skip":true},"46":{"start":{"line":144,"column":12},"end":{"line":146,"column":15},"skip":true},"47":{"start":{"line":145,"column":16},"end":{"line":145,"column":70},"skip":true},"48":{"start":{"line":149,"column":8},"end":{"line":149,"column":31},"skip":true},"49":{"start":{"line":150,"column":8},"end":{"line":150,"column":14},"skip":true},"50":{"start":{"line":158,"column":8},"end":{"line":158,"column":31},"skip":true},"51":{"start":{"line":160,"column":8},"end":{"line":160,"column":33},"skip":true},"52":{"start":{"line":161,"column":8},"end":{"line":161,"column":37},"skip":true},"53":{"start":{"line":162,"column":8},"end":{"line":162,"column":35},"skip":true},"54":{"start":{"line":164,"column":8},"end":{"line":164,"column":50},"skip":true},"55":{"start":{"line":166,"column":8},"end":{"line":256,"column":2},"skip":true},"56":{"start":{"line":258,"column":8},"end":{"line":286,"column":9},"skip":true},"57":{"start":{"line":259,"column":12},"end":{"line":269,"column":14},"skip":true},"58":{"start":{"line":271,"column":12},"end":{"line":285,"column":19},"skip":true},"59":{"start":{"line":274,"column":20},"end":{"line":274,"column":35},"skip":true},"60":{"start":{"line":275,"column":20},"end":{"line":284,"column":21},"skip":true},"61":{"start":{"line":277,"column":24},"end":{"line":277,"column":64},"skip":true},"62":{"start":{"line":279,"column":24},"end":{"line":279,"column":40},"skip":true},"63":{"start":{"line":281,"column":24},"end":{"line":281,"column":40},"skip":true},"64":{"start":{"line":283,"column":24},"end":{"line":283,"column":39},"skip":true},"65":{"start":{"line":288,"column":8},"end":{"line":290,"column":9},"skip":true},"66":{"start":{"line":289,"column":12},"end":{"line":289,"column":18},"skip":true},"67":{"start":{"line":291,"column":8},"end":{"line":293,"column":54},"skip":true},"68":{"start":{"line":296,"column":8},"end":{"line":301,"column":37},"skip":true},"69":{"start":{"line":303,"column":8},"end":{"line":303,"column":82},"skip":true},"70":{"start":{"line":306,"column":8},"end":{"line":308,"column":9},"skip":true},"71":{"start":{"line":307,"column":12},"end":{"line":307,"column":82},"skip":true},"72":{"start":{"line":310,"column":8},"end":{"line":312,"column":9},"skip":true},"73":{"start":{"line":311,"column":12},"end":{"line":311,"column":18},"skip":true},"74":{"start":{"line":313,"column":8},"end":{"line":313,"column":54},"skip":true},"75":{"start":{"line":314,"column":8},"end":{"line":314,"column":69},"skip":true},"76":{"start":{"line":315,"column":8},"end":{"line":323,"column":36},"skip":true},"77":{"start":{"line":316,"column":12},"end":{"line":316,"column":61},"skip":true},"78":{"start":{"line":317,"column":12},"end":{"line":320,"column":13},"skip":true},"79":{"start":{"line":318,"column":16},"end":{"line":318,"column":75},"skip":true},"80":{"start":{"line":319,"column":16},"end":{"line":319,"column":23},"skip":true},"81":{"start":{"line":321,"column":12},"end":{"line":321,"column":38},"skip":true},"82":{"start":{"line":322,"column":12},"end":{"line":322,"column":27},"skip":true},"83":{"start":{"line":324,"column":8},"end":{"line":324,"column":14},"skip":true}},"branchMap":{"1":{"line":39,"type":"binary-expr","locations":[{"start":{"line":39,"column":23},"end":{"line":39,"column":62}},{"start":{"line":40,"column":20},"end":{"line":40,"column":70}},{"start":{"line":41,"column":20},"end":{"line":41,"column":71}},{"start":{"line":42,"column":20},"end":{"line":42,"column":29}}]},"2":{"line":44,"type":"binary-expr","locations":[{"start":{"line":44,"column":23},"end":{"line":44,"column":37}},{"start":{"line":45,"column":20},"end":{"line":45,"column":61}},{"start":{"line":46,"column":20},"end":{"line":46,"column":70}},{"start":{"line":47,"column":20},"end":{"line":47,"column":26}}]},"3":{"line":51,"type":"cond-expr","locations":[{"start":{"line":52,"column":14},"end":{"line":52,"column":20}},{"start":{"line":53,"column":14},"end":{"line":53,"column":20}}]},"4":{"line":55,"type":"binary-expr","locations":[{"start":{"line":55,"column":16},"end":{"line":55,"column":44}},{"start":{"line":55,"column":49},"end":{"line":57,"column":43}}]},"5":{"line":55,"type":"cond-expr","locations":[{"start":{"line":56,"column":14},"end":{"line":56,"column":48}},{"start":{"line":57,"column":14},"end":{"line":57,"column":43}}]},"6":{"line":61,"type":"switch","locations":[{"start":{"line":68,"column":4},"end":{"line":150,"column":14},"skip":true},{"start":{"line":156,"column":4},"end":{"line":324,"column":14},"skip":true}]},"7":{"line":70,"type":"if","locations":[{"start":{"line":70,"column":12},"end":{"line":70,"column":12},"skip":true},{"start":{"line":70,"column":12},"end":{"line":70,"column":12},"skip":true}]},"8":{"line":70,"type":"binary-expr","locations":[{"start":{"line":70,"column":16},"end":{"line":70,"column":22},"skip":true},{"start":{"line":70,"column":27},"end":{"line":70,"column":32},"skip":true},{"start":{"line":71,"column":20},"end":{"line":71,"column":39},"skip":true},{"start":{"line":72,"column":20},"end":{"line":72,"column":49},"skip":true},{"start":{"line":73,"column":20},"end":{"line":73,"column":58},"skip":true},{"start":{"line":74,"column":20},"end":{"line":74,"column":69},"skip":true}]},"9":{"line":79,"type":"switch","locations":[{"start":{"line":80,"column":20},"end":{"line":80,"column":33},"skip":true},{"start":{"line":81,"column":20},"end":{"line":83,"column":30},"skip":true},{"start":{"line":84,"column":20},"end":{"line":85,"column":49},"skip":true}]},"10":{"line":89,"type":"switch","locations":[{"start":{"line":90,"column":12},"end":{"line":103,"column":22},"skip":true},{"start":{"line":105,"column":12},"end":{"line":106,"column":22},"skip":true}]},"11":{"line":89,"type":"binary-expr","locations":[{"start":{"line":89,"column":20},"end":{"line":89,"column":25},"skip":true},{"start":{"line":89,"column":29},"end":{"line":89,"column":48},"skip":true},{"start":{"line":89,"column":52},"end":{"line":89,"column":74},"skip":true}]},"12":{"line":92,"type":"if","locations":[{"start":{"line":92,"column":16},"end":{"line":92,"column":16},"skip":true},{"start":{"line":92,"column":16},"end":{"line":92,"column":16},"skip":true}]},"13":{"line":108,"type":"if","locations":[{"start":{"line":108,"column":12},"end":{"line":108,"column":12},"skip":true},{"start":{"line":108,"column":12},"end":{"line":108,"column":12},"skip":true}]},"14":{"line":108,"type":"binary-expr","locations":[{"start":{"line":108,"column":16},"end":{"line":108,"column":61},"skip":true},{"start":{"line":108,"column":66},"end":{"line":108,"column":72},"skip":true},{"start":{"line":108,"column":77},"end":{"line":108,"column":82},"skip":true},{"start":{"line":109,"column":20},"end":{"line":109,"column":39},"skip":true},{"start":{"line":110,"column":20},"end":{"line":110,"column":49},"skip":true},{"start":{"line":111,"column":20},"end":{"line":111,"column":58},"skip":true},{"start":{"line":112,"column":20},"end":{"line":112,"column":68},"skip":true}]},"15":{"line":129,"type":"if","locations":[{"start":{"line":129,"column":16},"end":{"line":129,"column":16},"skip":true},{"start":{"line":129,"column":16},"end":{"line":129,"column":16},"skip":true}]},"16":{"line":134,"type":"cond-expr","locations":[{"start":{"line":135,"column":26},"end":{"line":135,"column":29},"skip":true},{"start":{"line":136,"column":26},"end":{"line":136,"column":54},"skip":true}]},"17":{"line":164,"type":"binary-expr","locations":[{"start":{"line":164,"column":27},"end":{"line":164,"column":43},"skip":true},{"start":{"line":164,"column":47},"end":{"line":164,"column":49},"skip":true}]},"18":{"line":258,"type":"if","locations":[{"start":{"line":258,"column":8},"end":{"line":258,"column":8},"skip":true},{"start":{"line":258,"column":8},"end":{"line":258,"column":8},"skip":true}]},"19":{"line":275,"type":"switch","locations":[{"start":{"line":276,"column":20},"end":{"line":277,"column":64},"skip":true},{"start":{"line":278,"column":20},"end":{"line":279,"column":40},"skip":true},{"start":{"line":280,"column":20},"end":{"line":281,"column":40},"skip":true},{"start":{"line":282,"column":20},"end":{"line":283,"column":39},"skip":true}]},"20":{"line":288,"type":"if","locations":[{"start":{"line":288,"column":8},"end":{"line":288,"column":8},"skip":true},{"start":{"line":288,"column":8},"end":{"line":288,"column":8},"skip":true}]},"21":{"line":288,"type":"binary-expr","locations":[{"start":{"line":288,"column":12},"end":{"line":288,"column":40},"skip":true},{"start":{"line":288,"column":44},"end":{"line":288,"column":67},"skip":true}]},"22":{"line":292,"type":"binary-expr","locations":[{"start":{"line":292,"column":12},"end":{"line":292,"column":50},"skip":true},{"start":{"line":293,"column":12},"end":{"line":293,"column":53},"skip":true}]},"23":{"line":297,"type":"binary-expr","locations":[{"start":{"line":297,"column":12},"end":{"line":297,"column":62},"skip":true},{"start":{"line":298,"column":12},"end":{"line":301,"column":36},"skip":true}]},"24":{"line":303,"type":"binary-expr","locations":[{"start":{"line":303,"column":43},"end":{"line":303,"column":75},"skip":true},{"start":{"line":303,"column":79},"end":{"line":303,"column":81},"skip":true}]},"25":{"line":306,"type":"if","locations":[{"start":{"line":306,"column":8},"end":{"line":306,"column":8},"skip":true},{"start":{"line":306,"column":8},"end":{"line":306,"column":8},"skip":true}]},"26":{"line":310,"type":"if","locations":[{"start":{"line":310,"column":8},"end":{"line":310,"column":8},"skip":true},{"start":{"line":310,"column":8},"end":{"line":310,"column":8},"skip":true}]},"27":{"line":313,"type":"binary-expr","locations":[{"start":{"line":313,"column":27},"end":{"line":313,"column":43},"skip":true},{"start":{"line":313,"column":47},"end":{"line":313,"column":53},"skip":true}]},"28":{"line":317,"type":"if","locations":[{"start":{"line":317,"column":12},"end":{"line":317,"column":12},"skip":true},{"start":{"line":317,"column":12},"end":{"line":317,"column":12},"skip":true}]}},"code":["/*","example.js","","quickstart example","","instruction","    1. save this script as example.js","    2. run the shell command:","        $ npm install npmtest-mobx && PORT=8081 node example.js","    3. play with the browser-demo on http://127.0.0.1:8081","*/","","","","/* istanbul instrument in package npmtest_mobx */","/*jslint","    bitwise: true,","    browser: true,","    maxerr: 8,","    maxlen: 96,","    node: true,","    nomen: true,","    regexp: true,","    stupid: true","*/","(function () {","    'use strict';","    var local;","","","","    // run shared js-env code - init-before","    (function () {","        // init local","        local = {};","        // init modeJs","        local.modeJs = (function () {","            try {","                return typeof navigator.userAgent === 'string' &&","                    typeof document.querySelector('body') === 'object' &&","                    typeof XMLHttpRequest.prototype.open === 'function' &&","                    'browser';","            } catch (errorCaughtBrowser) {","                return module.exports &&","                    typeof process.versions.node === 'string' &&","                    typeof require('http').createServer === 'function' &&","                    'node';","            }","        }());","        // init global","        local.global = local.modeJs === 'browser'","            ? window","            : global;","        // init utility2_rollup","        local = local.global.utility2_rollup || (local.modeJs === 'browser'","            ? local.global.utility2_npmtest_mobx","            : global.utility2_moduleExports);","        // export local","        local.global.local = local;","    }());","    switch (local.modeJs) {","","","","    // init-after","    // run browser js-env code - init-after","    /* istanbul ignore next */","    case 'browser':","        local.testRunBrowser = function (event) {","            if (!event || (event &&","                    event.currentTarget &&","                    event.currentTarget.className &&","                    event.currentTarget.className.includes &&","                    event.currentTarget.className.includes('onreset'))) {","                // reset output","                Array.from(","                    document.querySelectorAll('body > .resettable')","                ).forEach(function (element) {","                    switch (element.tagName) {","                    case 'INPUT':","                    case 'TEXTAREA':","                        element.value = '';","                        break;","                    default:","                        element.textContent = '';","                    }","                });","            }","            switch (event && event.currentTarget && event.currentTarget.id) {","            case 'testRunButton1':","                // show tests","                if (document.querySelector('#testReportDiv1').style.display === 'none') {","                    document.querySelector('#testReportDiv1').style.display = 'block';","                    document.querySelector('#testRunButton1').textContent =","                        'hide internal test';","                    local.modeTest = true;","                    local.testRunDefault(local);","                // hide tests","                } else {","                    document.querySelector('#testReportDiv1').style.display = 'none';","                    document.querySelector('#testRunButton1').textContent = 'run internal test';","                }","                break;","            // custom-case","            default:","                break;","            }","            if (document.querySelector('#inputTextareaEval1') && (!event || (event &&","                    event.currentTarget &&","                    event.currentTarget.className &&","                    event.currentTarget.className.includes &&","                    event.currentTarget.className.includes('oneval')))) {","                // try to eval input-code","                try {","                    /*jslint evil: true*/","                    eval(document.querySelector('#inputTextareaEval1').value);","                } catch (errorCaught) {","                    console.error(errorCaught);","                }","            }","        };","        // log stderr and stdout to #outputTextareaStdout1","        ['error', 'log'].forEach(function (key) {","            console[key + '_original'] = console[key];","            console[key] = function () {","                var element;","                console[key + '_original'].apply(console, arguments);","                element = document.querySelector('#outputTextareaStdout1');","                if (!element) {","                    return;","                }","                // append text to #outputTextareaStdout1","                element.value += Array.from(arguments).map(function (arg) {","                    return typeof arg === 'string'","                        ? arg","                        : JSON.stringify(arg, null, 4);","                }).join(' ') + '\\n';","                // scroll textarea to bottom","                element.scrollTop = element.scrollHeight;","            };","        });","        // init event-handling","        ['change', 'click', 'keyup'].forEach(function (event) {","            Array.from(document.querySelectorAll('.on' + event)).forEach(function (element) {","                element.addEventListener(event, local.testRunBrowser);","            });","        });","        // run tests","        local.testRunBrowser();","        break;","","","","    // run node js-env code - init-after","    /* istanbul ignore next */","    case 'node':","        // export local","        module.exports = local;","        // require modules","        local.fs = require('fs');","        local.http = require('http');","        local.url = require('url');","        // init assets","        local.assetsDict = local.assetsDict || {};","        /* jslint-ignore-begin */","        local.assetsDict['/assets.index.template.html'] = '\\","<!doctype html>\\n\\","<html lang=\"en\">\\n\\","<head>\\n\\","<meta charset=\"UTF-8\">\\n\\","<meta name=\"viewport\" content=\"width=device-width, initial-scale=1\">\\n\\","<title>{{env.npm_package_name}} (v{{env.npm_package_version}})</title>\\n\\","<style>\\n\\","/*csslint\\n\\","    box-sizing: false,\\n\\","    universal-selector: false\\n\\","*/\\n\\","* {\\n\\","    box-sizing: border-box;\\n\\","}\\n\\","body {\\n\\","    background: #dde;\\n\\","    font-family: Arial, Helvetica, sans-serif;\\n\\","    margin: 2rem;\\n\\","}\\n\\","body > * {\\n\\","    margin-bottom: 1rem;\\n\\","}\\n\\",".utility2FooterDiv {\\n\\","    margin-top: 20px;\\n\\","    text-align: center;\\n\\","}\\n\\","</style>\\n\\","<style>\\n\\","/*csslint\\n\\","*/\\n\\","textarea {\\n\\","    font-family: monospace;\\n\\","    height: 10rem;\\n\\","    width: 100%;\\n\\","}\\n\\","textarea[readonly] {\\n\\","    background: #ddd;\\n\\","}\\n\\","</style>\\n\\","</head>\\n\\","<body>\\n\\","<!-- utility2-comment\\n\\","<div id=\"ajaxProgressDiv1\" style=\"background: #d00; height: 2px; left: 0; margin: 0; padding: 0; position: fixed; top: 0; transition: background 0.5s, width 1.5s; width: 25%;\"></div>\\n\\","utility2-comment -->\\n\\","<h1>\\n\\","<!-- utility2-comment\\n\\","    <a\\n\\","        {{#if env.npm_package_homepage}}\\n\\","        href=\"{{env.npm_package_homepage}}\"\\n\\","        {{/if env.npm_package_homepage}}\\n\\","        target=\"_blank\"\\n\\","    >\\n\\","utility2-comment -->\\n\\","        {{env.npm_package_name}} (v{{env.npm_package_version}})\\n\\","<!-- utility2-comment\\n\\","    </a>\\n\\","utility2-comment -->\\n\\","</h1>\\n\\","<h3>{{env.npm_package_description}}</h3>\\n\\","<!-- utility2-comment\\n\\","<h4><a download href=\"assets.app.js\">download standalone app</a></h4>\\n\\","<button class=\"onclick onreset\" id=\"testRunButton1\">run internal test</button><br>\\n\\","<div id=\"testReportDiv1\" style=\"display: none;\"></div>\\n\\","utility2-comment -->\\n\\","\\n\\","\\n\\","\\n\\","<label>stderr and stdout</label>\\n\\","<textarea class=\"resettable\" id=\"outputTextareaStdout1\" readonly></textarea>\\n\\","<!-- utility2-comment\\n\\","{{#if isRollup}}\\n\\","<script src=\"assets.app.js\"></script>\\n\\","{{#unless isRollup}}\\n\\","utility2-comment -->\\n\\","<script src=\"assets.utility2.rollup.js\"></script>\\n\\","<script src=\"jsonp.utility2._stateInit?callback=window.utility2._stateInit\"></script>\\n\\","<script src=\"assets.npmtest_mobx.rollup.js\"></script>\\n\\","<script src=\"assets.example.js\"></script>\\n\\","<script src=\"assets.test.js\"></script>\\n\\","<!-- utility2-comment\\n\\","{{/if isRollup}}\\n\\","utility2-comment -->\\n\\","<div class=\"utility2FooterDiv\">\\n\\","    [ this app was created with\\n\\","    <a href=\"https://github.com/kaizhu256/node-utility2\" target=\"_blank\">utility2</a>\\n\\","    ]\\n\\","</div>\\n\\","</body>\\n\\","</html>\\n\\","';","        /* jslint-ignore-end */","        if (local.templateRender) {","            local.assetsDict['/'] = local.templateRender(","                local.assetsDict['/assets.index.template.html'],","                {","                    env: local.objectSetDefault(local.env, {","                        npm_package_description: 'the greatest app in the world!',","                        npm_package_name: 'my-app',","                        npm_package_nameAlias: 'my_app',","                        npm_package_version: '0.0.1'","                    })","                }","            );","        } else {","            local.assetsDict['/'] = local.assetsDict['/assets.index.template.html']","                .replace((/\\{\\{env\\.(\\w+?)\\}\\}/g), function (match0, match1) {","                    // jslint-hack","                    String(match0);","                    switch (match1) {","                    case 'npm_package_description':","                        return 'the greatest app in the world!';","                    case 'npm_package_name':","                        return 'my-app';","                    case 'npm_package_nameAlias':","                        return 'my_app';","                    case 'npm_package_version':","                        return '0.0.1';","                    }","                });","        }","        // run the cli","        if (local.global.utility2_rollup || module !== require.main) {","            break;","        }","        local.assetsDict['/assets.example.js'] =","            local.assetsDict['/assets.example.js'] ||","            local.fs.readFileSync(__filename, 'utf8');","        // bug-workaround - long $npm_package_buildCustomOrg","        /* jslint-ignore-begin */","        local.assetsDict['/assets.npmtest_mobx.rollup.js'] =","            local.assetsDict['/assets.npmtest_mobx.rollup.js'] ||","            local.fs.readFileSync(","                local.npmtest_mobx.__dirname + '/lib.npmtest_mobx.js',","                'utf8'","            ).replace((/^#!/), '//');","        /* jslint-ignore-end */","        local.assetsDict['/favicon.ico'] = local.assetsDict['/favicon.ico'] || '';","        // if $npm_config_timeout_exit exists,","        // then exit this process after $npm_config_timeout_exit ms","        if (Number(process.env.npm_config_timeout_exit)) {","            setTimeout(process.exit, Number(process.env.npm_config_timeout_exit));","        }","        // start server","        if (local.global.utility2_serverHttp1) {","            break;","        }","        process.env.PORT = process.env.PORT || '8081';","        console.error('server starting on port ' + process.env.PORT);","        local.http.createServer(function (request, response) {","            request.urlParsed = local.url.parse(request.url);","            if (local.assetsDict[request.urlParsed.pathname] !== undefined) {","                response.end(local.assetsDict[request.urlParsed.pathname]);","                return;","            }","            response.statusCode = 404;","            response.end();","        }).listen(process.env.PORT);","        break;","    }","}());",""],"l":{"26":2,"28":2,"33":2,"35":2,"37":2,"38":2,"39":2,"44":1,"51":2,"55":2,"59":2,"61":2,"69":1,"70":2,"76":2,"79":2,"82":2,"83":2,"85":1,"89":2,"92":1,"93":1,"94":1,"96":1,"97":1,"100":1,"101":1,"103":1,"106":1,"108":2,"114":1,"116":1,"118":1,"123":1,"124":2,"125":2,"126":3,"127":3,"128":3,"129":3,"130":1,"133":3,"134":3,"139":3,"143":1,"144":3,"145":1,"149":1,"150":1,"158":1,"160":1,"161":1,"162":1,"164":1,"166":1,"258":1,"259":1,"271":1,"274":6,"275":6,"277":1,"279":2,"281":1,"283":2,"288":1,"289":1,"291":1,"296":1,"303":1,"306":1,"307":1,"310":1,"311":1,"313":1,"314":1,"315":1,"316":1,"317":1,"318":1,"319":1,"321":1,"322":1,"324":1}},"/home/travis/build/npmtest/node-npmtest-mobx/node_modules/mobx/lib/mobx.js":{"path":"/home/travis/build/npmtest/node-npmtest-mobx/node_modules/mobx/lib/mobx.js","s":{"1":1,"2":1,"3":0,"4":0,"5":0,"6":0,"7":1,"8":3,"9":1,"10":3,"11":3,"12":1,"13":1,"14":1,"15":1,"16":0,"17":1,"18":1,"19":0,"20":0,"21":0,"22":0,"23":0,"24":1,"25":0,"26":0,"27":0,"28":1,"29":0,"30":0,"31":0,"32":0,"33":0,"34":0,"35":0,"36":1,"37":1,"38":0,"39":0,"40":0,"41":0,"42":0,"43":1,"44":0,"45":0,"46":0,"47":0,"48":0,"49":0,"50":0,"51":1,"52":0,"53":0,"54":0,"55":0,"56":0,"57":0,"58":0,"59":1,"60":1,"61":0,"62":1,"63":1,"64":0,"65":0,"66":0,"67":0,"68":1,"69":0,"70":0,"71":0,"72":0,"73":0,"74":0,"75":0,"76":0,"77":0,"78":0,"79":0,"80":0,"81":0,"82":0,"83":1,"84":0,"85":0,"86":0,"87":1,"88":1,"89":0,"90":0,"91":0,"92":0,"93":0,"94":0,"95":0,"96":0,"97":0,"98":0,"99":0,"100":0,"101":0,"102":0,"103":0,"104":0,"105":0,"106":1,"107":1,"108":0,"109":0,"110":0,"111":0,"112":0,"113":0,"114":0,"115":0,"116":0,"117":0,"118":0,"119":0,"120":0,"121":0,"122":0,"123":0,"124":0,"125":0,"126":0,"127":0,"128":0,"129":0,"130":0,"131":1,"132":0,"133":0,"134":0,"135":1,"136":1,"137":0,"138":0,"139":0,"140":0,"141":0,"142":0,"143":0,"144":0,"145":0,"146":0,"147":0,"148":0,"149":0,"150":0,"151":0,"152":0,"153":0,"154":0,"155":0,"156":0,"157":0,"158":0,"159":0,"160":0,"161":0,"162":0,"163":1,"164":0,"165":0,"166":0,"167":0,"168":0,"169":0,"170":0,"171":0,"172":0,"173":0,"174":0,"175":0,"176":0,"177":0,"178":0,"179":1,"180":1,"181":2,"182":0,"183":0,"184":0,"185":0,"186":0,"187":0,"188":0,"189":0,"190":0,"191":1,"192":1,"193":1,"194":0,"195":0,"196":0,"197":0,"198":0,"199":0,"200":0,"201":1,"202":1,"203":1,"204":0,"205":0,"206":0,"207":0,"208":0,"209":1,"210":0,"211":0,"212":0,"213":0,"214":0,"215":0,"216":0,"217":0,"218":0,"219":0,"220":0,"221":0,"222":0,"223":0,"224":0,"225":0,"226":0,"227":0,"228":0,"229":0,"230":0,"231":0,"232":1,"233":1,"234":0,"235":0,"236":0,"237":0,"238":0,"239":0,"240":0,"241":0,"242":0,"243":1,"244":0,"245":0,"246":0,"247":1,"248":1,"249":0,"250":0,"251":0,"252":0,"253":1,"254":1,"255":0,"256":0,"257":0,"258":0,"259":1,"260":1,"261":0,"262":0,"263":0,"264":0,"265":0,"266":0,"267":0,"268":0,"269":0,"270":0,"271":0,"272":0,"273":0,"274":0,"275":0,"276":0,"277":0,"278":0,"279":1,"280":0,"281":1,"282":0,"283":0,"284":0,"285":0,"286":1,"287":0,"288":1,"289":0,"290":0,"291":0,"292":0,"293":1,"294":0,"295":0,"296":0,"297":1,"298":1,"299":0,"300":1,"301":0,"302":1,"303":0,"304":0,"305":0,"306":0,"307":0,"308":0,"309":0,"310":0,"311":1,"312":1,"313":0,"314":0,"315":0,"316":0,"317":0,"318":0,"319":0,"320":0,"321":0,"322":0,"323":1,"324":1,"325":1,"326":1,"327":1,"328":1,"329":1,"330":0,"331":0,"332":0,"333":0,"334":0,"335":0,"336":0,"337":0,"338":0,"339":0,"340":0,"341":0,"342":1,"343":1,"344":1,"345":0,"346":0,"347":0,"348":1,"349":0,"350":0,"351":0,"352":1,"353":0,"354":0,"355":0,"356":1,"357":0,"358":0,"359":0,"360":1,"361":0,"362":0,"363":0,"364":1,"365":0,"366":0,"367":0,"368":1,"369":0,"370":0,"371":0,"372":0,"373":0,"374":0,"375":1,"376":0,"377":0,"378":0,"379":0,"380":0,"381":0,"382":1,"383":0,"384":0,"385":0,"386":1,"387":0,"388":0,"389":0,"390":1,"391":0,"392":0,"393":0,"394":1,"395":0,"396":0,"397":0,"398":1,"399":1,"400":1,"401":1,"402":1,"403":12,"404":1,"405":1,"406":0,"407":0,"408":0,"409":1,"410":0,"411":1,"412":5,"413":5,"414":0,"415":0,"416":0,"417":0,"418":0,"419":0,"420":0,"421":0,"422":0,"423":1,"424":0,"425":0,"426":0,"427":1,"428":1,"429":0,"430":1,"431":0,"432":1,"433":0,"434":0,"435":0,"436":0,"437":1,"438":0,"439":0,"440":0,"441":0,"442":0,"443":0,"444":0,"445":0,"446":0,"447":0,"448":0,"449":0,"450":0,"451":0,"452":0,"453":0,"454":0,"455":0,"456":0,"457":0,"458":0,"459":0,"460":0,"461":0,"462":0,"463":0,"464":0,"465":0,"466":0,"467":0,"468":0,"469":1,"470":1,"471":0,"472":0,"473":0,"474":0,"475":1,"476":1,"477":0,"478":0,"479":0,"480":1,"481":0,"482":0,"483":1,"484":0,"485":0,"486":0,"487":0,"488":0,"489":0,"490":0,"491":0,"492":0,"493":0,"494":0,"495":0,"496":0,"497":1,"498":1,"499":0,"500":0,"501":0,"502":0,"503":0,"504":0,"505":0,"506":1,"507":0,"508":0,"509":0,"510":0,"511":1,"512":0,"513":0,"514":0,"515":0,"516":0,"517":0,"518":0,"519":0,"520":0,"521":0,"522":0,"523":0,"524":0,"525":0,"526":1,"527":0,"528":0,"529":0,"530":0,"531":0,"532":1,"533":0,"534":0,"535":0,"536":1,"537":1,"538":0,"539":1,"540":1,"541":0,"542":0,"543":0,"544":0,"545":0,"546":0,"547":1,"548":0,"549":0,"550":0,"551":1,"552":0,"553":1,"554":1,"555":0,"556":0,"557":0,"558":0,"559":0,"560":0,"561":0,"562":0,"563":0,"564":1,"565":1,"566":0,"567":1,"568":0,"569":0,"570":0,"571":1,"572":0,"573":1,"574":1,"575":1,"576":1,"577":1,"578":0,"579":0,"580":0,"581":0,"582":0,"583":0,"584":0,"585":0,"586":0,"587":0,"588":0,"589":0,"590":0,"591":1,"592":0,"593":0,"594":0,"595":0,"596":0,"597":0,"598":0,"599":1,"600":0,"601":0,"602":1,"603":1,"604":1,"605":1,"606":1,"607":0,"608":0,"609":0,"610":0,"611":0,"612":0,"613":0,"614":0,"615":0,"616":0,"617":0,"618":0,"619":0,"620":0,"621":0,"622":0,"623":0,"624":0,"625":0,"626":0,"627":0,"628":1,"629":0,"630":1,"631":0,"632":0,"633":1,"634":0,"635":0,"636":0,"637":0,"638":0,"639":0,"640":0,"641":0,"642":0,"643":0,"644":0,"645":0,"646":0,"647":0,"648":1,"649":0,"650":0,"651":0,"652":0,"653":1,"654":0,"655":0,"656":0,"657":0,"658":0,"659":0,"660":0,"661":1,"662":0,"663":0,"664":0,"665":0,"666":0,"667":1,"668":0,"669":0,"670":0,"671":0,"672":0,"673":0,"674":0,"675":0,"676":0,"677":0,"678":0,"679":1,"680":0,"681":0,"682":0,"683":0,"684":0,"685":0,"686":0,"687":0,"688":0,"689":0,"690":0,"691":1,"692":0,"693":1,"694":0,"695":1,"696":0,"697":1,"698":0,"699":0,"700":0,"701":0,"702":0,"703":0,"704":1,"705":1,"706":1,"707":1,"708":1,"709":1,"710":1,"711":1,"712":1,"713":1,"714":1,"715":1,"716":0,"717":1,"718":1,"719":0,"720":1,"721":0,"722":0,"723":0,"724":0,"725":0,"726":0,"727":0,"728":0,"729":0,"730":0,"731":0,"732":0,"733":0,"734":0,"735":0,"736":0,"737":0,"738":0,"739":1,"740":0,"741":1,"742":0,"743":0,"744":0,"745":0,"746":0,"747":1,"748":0,"749":0,"750":0,"751":0,"752":0,"753":0,"754":0,"755":0,"756":0,"757":0,"758":0,"759":0,"760":0,"761":1,"762":0,"763":0,"764":0,"765":0,"766":0,"767":0,"768":0,"769":0,"770":0,"771":0,"772":0,"773":0,"774":0,"775":0,"776":0,"777":0,"778":0,"779":0,"780":0,"781":0,"782":0,"783":0,"784":0,"785":0,"786":0,"787":0,"788":0,"789":0,"790":0,"791":1,"792":0,"793":0,"794":0,"795":0,"796":0,"797":0,"798":1,"799":0,"800":0,"801":0,"802":0,"803":1,"804":1,"805":0,"806":0,"807":0,"808":1,"809":0,"810":1,"811":0,"812":0,"813":0,"814":0,"815":0,"816":0,"817":0,"818":1,"819":1,"820":1,"821":1,"822":1,"823":1,"824":1,"825":1,"826":1,"827":1,"828":1,"829":1,"830":1,"831":1,"832":1,"833":1,"834":1,"835":1,"836":1,"837":1,"838":0,"839":0,"840":0,"841":0,"842":0,"843":0,"844":0,"845":0,"846":0,"847":1,"848":0,"849":1,"850":1,"851":0,"852":0,"853":0,"854":0,"855":0,"856":0,"857":1,"858":0,"859":1,"860":0,"861":1,"862":0,"863":0,"864":0,"865":0,"866":0,"867":0,"868":0,"869":0,"870":0,"871":1,"872":0,"873":0,"874":0,"875":0,"876":0,"877":0,"878":1,"879":0,"880":0,"881":0,"882":0,"883":0,"884":0,"885":0,"886":0,"887":0,"888":0,"889":0,"890":0,"891":0,"892":1,"893":0,"894":0,"895":0,"896":1,"897":0,"898":1,"899":0,"900":0,"901":0,"902":0,"903":0,"904":0,"905":0,"906":0,"907":0,"908":1,"909":0,"910":0,"911":0,"912":0,"913":0,"914":0,"915":0,"916":1,"917":0,"918":0,"919":0,"920":0,"921":0,"922":1,"923":0,"924":0,"925":0,"926":0,"927":0,"928":0,"929":0,"930":0,"931":0,"932":0,"933":1,"934":0,"935":0,"936":0,"937":0,"938":0,"939":0,"940":0,"941":0,"942":0,"943":0,"944":0,"945":1,"946":0,"947":0,"948":0,"949":0,"950":0,"951":0,"952":0,"953":0,"954":0,"955":0,"956":1,"957":1,"958":0,"959":0,"960":0,"961":0,"962":0,"963":0,"964":0,"965":0,"966":0,"967":0,"968":0,"969":0,"970":0,"971":0,"972":0,"973":1,"974":0,"975":1,"976":0,"977":0,"978":0,"979":0,"980":1,"981":0,"982":1,"983":0,"984":0,"985":0,"986":0,"987":0,"988":0,"989":0,"990":0,"991":0,"992":1,"993":0,"994":0,"995":0,"996":0,"997":0,"998":0,"999":0,"1000":0,"1001":0,"1002":0,"1003":0,"1004":0,"1005":0,"1006":0,"1007":0,"1008":0,"1009":0,"1010":1,"1011":0,"1012":0,"1013":0,"1014":0,"1015":0,"1016":0,"1017":0,"1018":0,"1019":0,"1020":0,"1021":0,"1022":1,"1023":0,"1024":0,"1025":0,"1026":0,"1027":0,"1028":0,"1029":1,"1030":0,"1031":0,"1032":0,"1033":0,"1034":1,"1035":0,"1036":1,"1037":0,"1038":0,"1039":0,"1040":1,"1041":1,"1042":1,"1043":0,"1044":0,"1045":0,"1046":1,"1047":0,"1048":0,"1049":0,"1050":0,"1051":0,"1052":1,"1053":1,"1054":0,"1055":1,"1056":0,"1057":0,"1058":0,"1059":1,"1060":0,"1061":0,"1062":0,"1063":0,"1064":0,"1065":0,"1066":0,"1067":0,"1068":0,"1069":0,"1070":0,"1071":1,"1072":1,"1073":0,"1074":0,"1075":0,"1076":0,"1077":1,"1078":0,"1079":1,"1080":0,"1081":0,"1082":0,"1083":0,"1084":0,"1085":1,"1086":0,"1087":0,"1088":1,"1089":1,"1090":0,"1091":0,"1092":0,"1093":1,"1094":0,"1095":0,"1096":0,"1097":0,"1098":0,"1099":1,"1100":1,"1101":0,"1102":1,"1103":0,"1104":0,"1105":0,"1106":0,"1107":0,"1108":0,"1109":1,"1110":0,"1111":0,"1112":0,"1113":0,"1114":0,"1115":0,"1116":0,"1117":0,"1118":0,"1119":0,"1120":0,"1121":1,"1122":0,"1123":1,"1124":0,"1125":0,"1126":0,"1127":0,"1128":0,"1129":0,"1130":1,"1131":0,"1132":0,"1133":0,"1134":0,"1135":0,"1136":0,"1137":0,"1138":0,"1139":1,"1140":0,"1141":0,"1142":1,"1143":1,"1144":0,"1145":0,"1146":1,"1147":1,"1148":0,"1149":0,"1150":1,"1151":1,"1152":0,"1153":0,"1154":1,"1155":1,"1156":0,"1157":1,"1158":1,"1159":0,"1160":0,"1161":1,"1162":0,"1163":0,"1164":0,"1165":0,"1166":0,"1167":0,"1168":0,"1169":0,"1170":0,"1171":0,"1172":0,"1173":1,"1174":0,"1175":0,"1176":0,"1177":0,"1178":0,"1179":0,"1180":0,"1181":0,"1182":0,"1183":0,"1184":0,"1185":0,"1186":0,"1187":1,"1188":0,"1189":1,"1190":0,"1191":0,"1192":0,"1193":0,"1194":0,"1195":0,"1196":0,"1197":0,"1198":0,"1199":0,"1200":0,"1201":0,"1202":0,"1203":0,"1204":1,"1205":0,"1206":0,"1207":0,"1208":1,"1209":1,"1210":1,"1211":1,"1212":1,"1213":1,"1214":1,"1215":1,"1216":1,"1217":1,"1218":1,"1219":1,"1220":1,"1221":1,"1222":1,"1223":0,"1224":0,"1225":0,"1226":0,"1227":0,"1228":0,"1229":0,"1230":0,"1231":1,"1232":0,"1233":1,"1234":0,"1235":0,"1236":0,"1237":0,"1238":0,"1239":1,"1240":0,"1241":0,"1242":1,"1243":0,"1244":0,"1245":0,"1246":0,"1247":0,"1248":0,"1249":0,"1250":0,"1251":0,"1252":0,"1253":0,"1254":1,"1255":0,"1256":0,"1257":0,"1258":0,"1259":0,"1260":1,"1261":0,"1262":0,"1263":0,"1264":0,"1265":0,"1266":0,"1267":0,"1268":0,"1269":0,"1270":0,"1271":0,"1272":0,"1273":0,"1274":0,"1275":0,"1276":0,"1277":0,"1278":0,"1279":0,"1280":0,"1281":0,"1282":0,"1283":0,"1284":0,"1285":0,"1286":0,"1287":0,"1288":0,"1289":0,"1290":0,"1291":1,"1292":0,"1293":0,"1294":0,"1295":0,"1296":0,"1297":0,"1298":1,"1299":0,"1300":0,"1301":0,"1302":0,"1303":0,"1304":0,"1305":0,"1306":0,"1307":0,"1308":0,"1309":1,"1310":0,"1311":0,"1312":0,"1313":0,"1314":0,"1315":0,"1316":0,"1317":0,"1318":0,"1319":0,"1320":1,"1321":1,"1322":1,"1323":1,"1324":0,"1325":0,"1326":0,"1327":0,"1328":0,"1329":0,"1330":0,"1331":0,"1332":0,"1333":0,"1334":0,"1335":0,"1336":0,"1337":0,"1338":0,"1339":0,"1340":1,"1341":0,"1342":1,"1343":0,"1344":0,"1345":0,"1346":1,"1347":0,"1348":1,"1349":0,"1350":0,"1351":0,"1352":0,"1353":0,"1354":0,"1355":1,"1356":0,"1357":1,"1358":0,"1359":1,"1360":0,"1361":1,"1362":0,"1363":1,"1364":0,"1365":0,"1366":0,"1367":0,"1368":0,"1369":0,"1370":0,"1371":0,"1372":1,"1373":0,"1374":0,"1375":0,"1376":0,"1377":0,"1378":0,"1379":0,"1380":0,"1381":1,"1382":0,"1383":1,"1384":0,"1385":0,"1386":0,"1387":0,"1388":0,"1389":0,"1390":1,"1391":0,"1392":1,"1393":0,"1394":1,"1395":0,"1396":0,"1397":0,"1398":0,"1399":0,"1400":0,"1401":1,"1402":0,"1403":0,"1404":0,"1405":1,"1406":0,"1407":0,"1408":0,"1409":1,"1410":0,"1411":0,"1412":0,"1413":0,"1414":0,"1415":1,"1416":1,"1417":0,"1418":0,"1419":0,"1420":0,"1421":0,"1422":0,"1423":0,"1424":0,"1425":0,"1426":0,"1427":0,"1428":0,"1429":0,"1430":0,"1431":0,"1432":1,"1433":0,"1434":0,"1435":1,"1436":0,"1437":0,"1438":1,"1439":0,"1440":0,"1441":0,"1442":0,"1443":0,"1444":0,"1445":0,"1446":1,"1447":0,"1448":0,"1449":0,"1450":0,"1451":0,"1452":0,"1453":0,"1454":0,"1455":0,"1456":0,"1457":0,"1458":0,"1459":0,"1460":0,"1461":0,"1462":0,"1463":0,"1464":0,"1465":1,"1466":1,"1467":0,"1468":1,"1469":1,"1470":0,"1471":0,"1472":1,"1473":11,"1474":11,"1475":11,"1476":0,"1477":0,"1478":1,"1479":1,"1480":1001,"1481":0,"1482":0,"1483":1,"1484":1000,"1485":1,"1486":1,"1487":1000,"1488":1,"1489":1,"1490":1,"1491":1,"1492":0,"1493":1,"1494":1,"1495":1,"1496":1,"1497":0,"1498":0,"1499":0,"1500":0,"1501":0,"1502":0,"1503":0,"1504":0,"1505":0,"1506":0,"1507":0,"1508":0,"1509":0,"1510":1,"1511":0,"1512":1,"1513":0,"1514":0,"1515":0,"1516":0,"1517":0,"1518":0,"1519":1,"1520":0,"1521":0,"1522":0,"1523":0,"1524":0,"1525":0,"1526":0,"1527":0,"1528":0,"1529":0,"1530":0,"1531":0,"1532":1,"1533":0,"1534":0,"1535":0,"1536":0,"1537":0,"1538":0,"1539":0,"1540":0,"1541":0,"1542":0,"1543":0,"1544":0,"1545":0,"1546":0,"1547":0,"1548":0,"1549":0,"1550":0,"1551":0,"1552":0,"1553":0,"1554":0,"1555":0,"1556":0,"1557":0,"1558":1,"1559":0,"1560":0,"1561":0,"1562":0,"1563":0,"1564":1,"1565":0,"1566":0,"1567":0,"1568":0,"1569":0,"1570":0,"1571":0,"1572":0,"1573":0,"1574":0,"1575":0,"1576":0,"1577":0,"1578":1,"1579":0,"1580":0,"1581":0,"1582":0,"1583":0,"1584":0,"1585":0,"1586":0,"1587":0,"1588":0,"1589":0,"1590":0,"1591":0,"1592":0,"1593":0,"1594":1,"1595":0,"1596":0,"1597":0,"1598":0,"1599":1,"1600":0,"1601":1,"1602":0,"1603":1,"1604":0,"1605":0,"1606":0,"1607":1,"1608":0,"1609":0,"1610":0,"1611":1,"1612":0,"1613":0,"1614":0,"1615":0,"1616":0,"1617":0,"1618":0,"1619":0,"1620":0,"1621":0,"1622":0,"1623":0,"1624":0,"1625":0,"1626":0,"1627":0,"1628":0,"1629":1,"1630":0,"1631":0,"1632":0,"1633":0,"1634":1,"1635":0,"1636":0,"1637":0,"1638":0,"1639":0,"1640":1,"1641":6,"1642":1,"1643":0,"1644":0,"1645":0,"1646":0,"1647":0,"1648":1,"1649":0,"1650":1,"1651":0,"1652":0,"1653":0,"1654":0,"1655":0,"1656":1,"1657":0,"1658":0,"1659":1,"1660":0,"1661":0,"1662":0,"1663":1,"1664":0,"1665":0,"1666":1,"1667":0,"1668":1,"1669":1,"1670":1,"1671":0,"1672":1,"1673":0,"1674":0,"1675":1,"1676":1,"1677":1,"1678":1,"1679":1,"1680":0,"1681":0,"1682":0,"1683":0,"1684":0,"1685":1,"1686":0,"1687":0,"1688":1,"1689":0,"1690":1,"1691":1,"1692":0,"1693":0,"1694":0,"1695":0,"1696":0,"1697":0,"1698":0,"1699":0,"1700":0,"1701":0,"1702":1,"1703":0,"1704":0,"1705":0,"1706":0,"1707":0,"1708":0,"1709":0,"1710":0,"1711":0,"1712":0,"1713":0,"1714":0,"1715":0,"1716":0,"1717":1,"1718":0,"1719":0,"1720":0,"1721":0,"1722":0,"1723":0,"1724":0,"1725":0,"1726":0,"1727":0,"1728":1,"1729":0,"1730":0,"1731":0,"1732":0,"1733":0,"1734":1,"1735":0,"1736":0,"1737":0,"1738":0,"1739":0,"1740":0,"1741":1,"1742":1,"1743":1,"1744":0,"1745":0,"1746":0,"1747":1,"1748":0,"1749":0,"1750":0,"1751":1,"1752":0,"1753":0,"1754":0,"1755":0,"1756":0,"1757":0,"1758":0,"1759":0,"1760":0,"1761":0,"1762":0,"1763":0,"1764":0,"1765":0,"1766":0,"1767":0,"1768":0,"1769":0,"1770":0,"1771":1,"1772":0,"1773":0,"1774":0,"1775":0,"1776":0,"1777":0,"1778":0,"1779":0,"1780":0,"1781":1,"1782":1,"1783":0,"1784":0,"1785":0,"1786":0,"1787":1,"1788":1,"1789":1,"1790":1,"1791":1,"1792":0,"1793":0,"1794":0,"1795":0,"1796":0,"1797":0,"1798":0,"1799":0,"1800":0,"1801":0,"1802":0,"1803":1,"1804":0,"1805":0,"1806":0,"1807":0,"1808":0,"1809":0,"1810":0,"1811":0,"1812":0,"1813":1,"1814":0,"1815":0,"1816":0,"1817":0,"1818":0,"1819":0,"1820":0,"1821":0,"1822":1,"1823":0,"1824":0,"1825":0,"1826":0,"1827":0,"1828":1,"1829":0,"1830":0,"1831":1,"1832":0,"1833":1,"1834":0,"1835":0,"1836":0,"1837":1,"1838":0,"1839":1,"1840":0,"1841":1,"1842":0,"1843":1,"1844":1,"1845":1,"1846":1,"1847":1,"1848":0,"1849":0,"1850":0,"1851":0,"1852":0,"1853":0,"1854":0,"1855":0,"1856":0,"1857":0,"1858":0,"1859":0,"1860":0,"1861":0,"1862":0,"1863":0,"1864":0,"1865":0,"1866":0,"1867":0,"1868":0,"1869":0,"1870":0,"1871":0,"1872":1,"1873":0,"1874":0,"1875":0,"1876":0,"1877":0,"1878":0,"1879":0,"1880":0,"1881":0,"1882":0,"1883":0,"1884":1,"1885":0,"1886":0,"1887":0,"1888":0,"1889":0,"1890":0,"1891":0,"1892":1,"1893":1,"1894":0,"1895":0,"1896":0,"1897":0,"1898":0,"1899":0,"1900":0,"1901":0,"1902":0,"1903":0,"1904":0,"1905":0,"1906":0,"1907":0,"1908":0,"1909":0,"1910":0,"1911":0,"1912":0,"1913":0,"1914":0,"1915":0,"1916":0,"1917":0,"1918":0,"1919":0,"1920":9,"1921":1,"1922":0,"1923":0,"1924":0,"1925":0,"1926":0,"1927":0,"1928":8,"1929":1,"1930":0,"1931":0,"1932":0,"1933":0,"1934":1,"1935":0,"1936":0,"1937":0,"1938":0,"1939":0,"1940":0,"1941":1,"1942":0,"1943":1,"1944":2,"1945":1,"1946":1,"1947":0,"1948":0,"1949":0,"1950":0,"1951":0,"1952":0,"1953":0,"1954":1,"1955":2,"1956":1,"1957":1,"1958":0,"1959":1,"1960":1,"1961":1,"1962":0,"1963":1,"1964":0,"1965":1,"1966":0,"1967":0,"1968":1,"1969":16,"1970":0,"1971":1,"1972":1,"1973":0,"1974":0,"1975":0,"1976":0,"1977":0,"1978":1,"1979":0,"1980":0,"1981":0,"1982":0,"1983":0,"1984":0,"1985":1,"1986":1,"1987":0,"1988":0,"1989":0,"1990":0,"1991":0,"1992":1,"1993":0,"1994":0,"1995":0,"1996":0,"1997":0,"1998":0,"1999":0,"2000":0,"2001":1,"2002":0,"2003":1,"2004":0,"2005":0,"2006":0,"2007":0,"2008":1,"2009":0,"2010":0,"2011":0,"2012":0,"2013":0,"2014":0,"2015":0,"2016":1,"2017":0,"2018":0,"2019":0,"2020":1,"2021":1,"2022":0,"2023":1,"2024":1,"2025":24,"2026":1,"2027":35,"2028":1,"2029":2,"2030":1,"2031":0,"2032":0,"2033":1,"2034":0,"2035":1,"2036":0,"2037":0,"2038":0,"2039":0,"2040":1,"2041":0,"2042":0,"2043":0,"2044":0,"2045":0,"2046":0,"2047":0,"2048":0,"2049":0,"2050":0,"2051":0,"2052":0,"2053":0,"2054":0,"2055":0,"2056":0,"2057":0,"2058":0,"2059":0,"2060":0,"2061":0,"2062":0,"2063":0,"2064":0,"2065":0,"2066":0,"2067":0,"2068":0,"2069":0,"2070":0,"2071":0,"2072":0,"2073":0,"2074":0,"2075":0,"2076":0,"2077":0,"2078":0,"2079":0,"2080":0,"2081":0,"2082":0,"2083":1,"2084":7,"2085":7,"2086":7,"2087":0,"2088":1,"2089":0,"2090":1,"2091":1,"2092":0,"2093":1,"2094":0,"2095":0,"2096":0,"2097":1,"2098":2,"2099":1,"2100":0},"b":{"1":[1,1,1],"2":[1,0,0,0],"3":[0,0],"4":[0,3],"5":[0,1],"6":[0,0],"7":[0,0],"8":[0,0,0],"9":[0,0],"10":[0,0],"11":[0,0],"12":[0,0],"13":[0,0],"14":[0,0],"15":[0,0],"16":[0,0],"17":[0,0],"18":[0,0],"19":[0,0],"20":[0,0],"21":[0,0],"22":[0,0],"23":[0,0],"24":[0,0],"25":[0,0],"26":[0,0],"27":[0,0],"28":[0,0],"29":[0,0],"30":[0,0],"31":[0,0],"32":[0,0],"33":[0,0],"34":[0,0],"35":[0,0],"36":[0,0],"37":[0,0],"38":[0,0],"39":[0,0,0,0],"40":[0,0],"41":[0,0],"42":[0,0,0],"43":[0,0],"44":[0,0],"45":[0,0],"46":[0,0],"47":[0,0],"48":[0,0],"49":[0,0],"50":[0,0],"51":[0,0],"52":[0,0],"53":[0,0],"54":[0,0],"55":[0,0],"56":[0,0],"57":[0,0],"58":[0,0,0],"59":[0,0,0],"60":[0,0],"61":[0,0],"62":[0,0],"63":[0,0],"64":[0,0],"65":[0,0],"66":[0,0],"67":[0,0],"68":[0,0],"69":[0,0],"70":[0,0],"71":[0,0],"72":[0,0],"73":[0,0],"74":[0,0],"75":[0,0],"76":[0,0],"77":[0,0],"78":[0,0],"79":[0,0],"80":[0,0],"81":[0,0],"82":[0,0],"83":[0,0],"84":[0,0],"85":[0,0],"86":[0,0],"87":[0,0],"88":[0,0],"89":[0,0],"90":[0,0,0,0,0],"91":[0,0],"92":[0,0],"93":[0,0],"94":[0,0],"95":[0,0],"96":[0,0],"97":[0,0],"98":[0,0],"99":[0,0],"100":[0,0],"101":[0,0],"102":[0,0],"103":[0,0],"104":[0,0],"105":[0,0],"106":[0,0],"107":[0,0],"108":[0,0],"109":[0,0],"110":[0,0],"111":[0,0],"112":[0,0],"113":[0,0],"114":[0,0],"115":[0,0],"116":[0,0],"117":[0,0],"118":[0,0,0],"119":[0,0],"120":[0,0],"121":[0,0],"122":[0,0],"123":[0,0],"124":[0,0],"125":[0,0],"126":[0,0],"127":[0,0],"128":[0,0],"129":[0,0],"130":[0,0],"131":[0,0],"132":[0,0],"133":[0,0,0],"134":[0,0],"135":[0,0],"136":[0,0],"137":[0,0],"138":[0,0],"139":[0,0],"140":[0,0],"141":[0,0],"142":[0,0],"143":[0,0],"144":[0,0],"145":[0,0],"146":[0,0],"147":[0,0],"148":[0,0],"149":[0,0],"150":[0,0],"151":[0,0],"152":[0,0],"153":[0,0],"154":[0,0],"155":[0,0],"156":[0,0],"157":[0,0],"158":[0,0],"159":[0,0],"160":[0,0],"161":[0,0],"162":[1,1],"163":[0,0,0,0],"164":[0,0],"165":[0,0],"166":[0,0],"167":[0,0],"168":[0,0],"169":[0,0],"170":[0,0],"171":[0,0],"172":[0,0],"173":[0,0],"174":[0,0],"175":[0,0],"176":[0,0],"177":[0,0],"178":[0,0],"179":[0,0],"180":[0,0],"181":[0,0],"182":[0,0],"183":[0,0],"184":[0,0],"185":[0,0],"186":[0,0],"187":[0,0],"188":[0,0],"189":[0,0],"190":[0,0],"191":[0,0],"192":[0,0],"193":[0,0],"194":[0,0],"195":[0,0],"196":[0,0],"197":[0,0],"198":[0,0],"199":[0,0],"200":[0,0],"201":[0,0],"202":[0,0],"203":[0,0],"204":[0,0],"205":[0,0],"206":[0,0],"207":[0,0],"208":[0,0],"209":[0,0],"210":[0,0],"211":[0,0],"212":[0,0],"213":[0,0],"214":[0,0],"215":[0,0],"216":[0,0],"217":[0,0],"218":[0,0],"219":[0,0],"220":[0,0],"221":[0,0],"222":[0,0],"223":[0,0],"224":[0,0],"225":[0,0],"226":[0,0],"227":[0,0,0],"228":[0,0],"229":[0,0],"230":[0,0],"231":[0,0],"232":[0,0],"233":[0,0],"234":[0,0],"235":[0,0],"236":[0,0],"237":[0,0],"238":[0,0],"239":[0,0],"240":[0,0],"241":[0,0],"242":[0,0],"243":[0,0],"244":[0,0],"245":[0,0],"246":[0,0,0],"247":[0,0],"248":[0,0],"249":[0,0],"250":[0,0],"251":[0,0],"252":[0,0],"253":[0,0],"254":[0,0],"255":[0,0],"256":[0,0,0],"257":[0,0],"258":[0,0],"259":[0,0],"260":[0,0],"261":[0,0],"262":[0,0],"263":[0,0],"264":[0,0],"265":[0,0],"266":[0,0],"267":[0,0],"268":[0,0],"269":[0,0],"270":[0,0],"271":[0,0],"272":[0,0],"273":[0,0],"274":[0,0],"275":[0,0],"276":[0,0],"277":[0,0],"278":[0,0],"279":[0,0],"280":[0,0],"281":[0,0],"282":[0,0],"283":[0,0],"284":[0,0],"285":[0,0],"286":[0,0],"287":[0,0],"288":[0,0],"289":[0,0],"290":[0,0],"291":[0,0],"292":[0,0],"293":[0,0],"294":[0,0],"295":[0,0],"296":[0,0],"297":[0,0],"298":[0,0],"299":[0,0],"300":[0,0],"301":[0,0],"302":[0,0],"303":[0,0],"304":[0,0],"305":[0,0],"306":[0,0],"307":[0,0],"308":[0,0],"309":[0,0],"310":[0,0,0],"311":[0,0],"312":[0,0],"313":[0,0],"314":[0,0],"315":[0,0],"316":[0,0],"317":[0,0],"318":[0,0],"319":[0,0],"320":[0,0],"321":[0,0],"322":[0,0],"323":[0,0],"324":[0,0],"325":[0,0],"326":[0,0],"327":[0,0],"328":[0,0],"329":[0,0],"330":[0,0],"331":[0,0],"332":[0,0],"333":[0,0],"334":[0,0],"335":[0,0],"336":[0,0],"337":[0,0],"338":[0,0],"339":[0,0],"340":[0,0],"341":[0,0],"342":[0,0],"343":[0,0],"344":[0,0],"345":[0,0],"346":[0,0],"347":[0,0],"348":[0,0],"349":[0,0],"350":[0,0],"351":[0,0],"352":[0,0],"353":[0,0],"354":[0,0],"355":[0,0],"356":[0,0],"357":[0,0],"358":[0,0],"359":[0,0],"360":[0,0],"361":[0,0],"362":[0,0,0],"363":[0,0],"364":[0,0],"365":[0,0],"366":[0,0],"367":[0,0],"368":[0,0],"369":[0,0],"370":[0,0],"371":[0,0],"372":[0,0],"373":[0,0],"374":[0,0],"375":[0,0],"376":[0,0],"377":[0,0],"378":[0,0],"379":[0,0],"380":[0,0],"381":[0,0],"382":[0,0],"383":[0,0],"384":[0,0],"385":[0,0],"386":[0,0],"387":[0,0],"388":[0,0],"389":[0,0],"390":[0,0],"391":[0,0],"392":[0,0],"393":[0,0],"394":[0,0],"395":[0,0],"396":[0,0],"397":[0,0],"398":[0,0],"399":[0,0],"400":[0,0],"401":[0,0],"402":[0,0],"403":[0,0],"404":[0,0],"405":[0,0],"406":[0,0],"407":[0,0],"408":[0,0],"409":[0,0],"410":[0,0],"411":[0,0],"412":[0,0],"413":[0,0],"414":[0,0],"415":[0,0],"416":[0,0],"417":[0,0,0],"418":[0,0],"419":[0,0],"420":[0,0],"421":[0,0],"422":[0,0,0],"423":[0,0],"424":[0,0],"425":[0,0],"426":[0,0],"427":[0,0],"428":[0,0],"429":[0,0],"430":[0,0],"431":[0,0],"432":[0,0],"433":[0,0],"434":[0,0],"435":[0,0],"436":[0,0,0],"437":[0,0],"438":[0,0,0],"439":[0,0],"440":[0,0],"441":[0,0],"442":[1,8],"443":[0,0],"444":[0,0],"445":[0,0],"446":[0,0],"447":[0,0],"448":[0,0,0],"449":[2,2,0],"450":[0,0],"451":[0,16],"452":[0,0],"453":[0,0],"454":[0,0],"455":[0,0],"456":[0,0],"457":[0,0],"458":[0,0],"459":[0,0],"460":[0,0],"461":[0,0],"462":[0,0],"463":[0,0],"464":[0,0],"465":[0,0],"466":[0,0],"467":[0,0],"468":[0,0],"469":[0,0,0],"470":[0,0],"471":[0,0],"472":[0,0],"473":[0,0],"474":[0,0],"475":[0,0],"476":[0,0],"477":[0,0],"478":[0,0],"479":[0,0],"480":[0,0],"481":[0,0],"482":[0,0],"483":[0,0],"484":[0,0],"485":[0,0],"486":[0,0],"487":[0,0],"488":[0,0],"489":[0,0],"490":[0,0],"491":[0,0],"492":[0,0],"493":[0,0],"494":[0,0],"495":[0,0],"496":[0,0],"497":[0,0],"498":[2,2,0],"499":[0,0],"500":[0,0]},"f":{"1":1,"2":0,"3":0,"4":3,"5":3,"6":0,"7":0,"8":0,"9":0,"10":0,"11":0,"12":0,"13":0,"14":0,"15":0,"16":0,"17":0,"18":0,"19":0,"20":0,"21":0,"22":0,"23":0,"24":0,"25":0,"26":0,"27":0,"28":0,"29":0,"30":0,"31":0,"32":0,"33":0,"34":2,"35":0,"36":0,"37":0,"38":0,"39":0,"40":0,"41":0,"42":0,"43":0,"44":0,"45":0,"46":0,"47":0,"48":0,"49":0,"50":0,"51":0,"52":0,"53":0,"54":0,"55":0,"56":0,"57":0,"58":0,"59":0,"60":0,"61":1,"62":0,"63":0,"64":0,"65":0,"66":0,"67":0,"68":0,"69":0,"70":0,"71":0,"72":0,"73":0,"74":0,"75":12,"76":0,"77":0,"78":5,"79":0,"80":0,"81":0,"82":0,"83":0,"84":0,"85":0,"86":0,"87":0,"88":0,"89":0,"90":0,"91":0,"92":0,"93":0,"94":0,"95":0,"96":0,"97":0,"98":0,"99":0,"100":0,"101":0,"102":0,"103":1,"104":0,"105":0,"106":0,"107":0,"108":0,"109":1,"110":0,"111":0,"112":0,"113":1,"114":0,"115":0,"116":0,"117":0,"118":0,"119":0,"120":0,"121":0,"122":0,"123":0,"124":0,"125":0,"126":0,"127":0,"128":0,"129":0,"130":1,"131":1,"132":0,"133":0,"134":0,"135":0,"136":0,"137":0,"138":0,"139":0,"140":0,"141":0,"142":0,"143":0,"144":1,"145":1,"146":0,"147":0,"148":1,"149":0,"150":0,"151":0,"152":0,"153":0,"154":0,"155":0,"156":0,"157":0,"158":0,"159":0,"160":0,"161":0,"162":0,"163":0,"164":1,"165":0,"166":0,"167":0,"168":0,"169":0,"170":0,"171":0,"172":0,"173":0,"174":0,"175":0,"176":0,"177":0,"178":0,"179":0,"180":0,"181":0,"182":0,"183":0,"184":0,"185":0,"186":0,"187":0,"188":0,"189":0,"190":0,"191":0,"192":0,"193":0,"194":0,"195":0,"196":0,"197":0,"198":0,"199":0,"200":0,"201":0,"202":0,"203":0,"204":0,"205":0,"206":0,"207":0,"208":0,"209":0,"210":0,"211":0,"212":1,"213":1,"214":1,"215":0,"216":1,"217":0,"218":0,"219":0,"220":0,"221":0,"222":0,"223":0,"224":0,"225":0,"226":0,"227":0,"228":0,"229":1,"230":0,"231":0,"232":0,"233":0,"234":0,"235":0,"236":0,"237":0,"238":0,"239":0,"240":0,"241":0,"242":0,"243":0,"244":0,"245":0,"246":0,"247":0,"248":0,"249":0,"250":0,"251":0,"252":0,"253":0,"254":0,"255":0,"256":0,"257":0,"258":0,"259":0,"260":11,"261":0,"262":1001,"263":0,"264":0,"265":1000,"266":1,"267":0,"268":1,"269":0,"270":0,"271":0,"272":0,"273":0,"274":0,"275":0,"276":0,"277":0,"278":0,"279":0,"280":0,"281":0,"282":0,"283":0,"284":0,"285":0,"286":0,"287":0,"288":0,"289":0,"290":0,"291":0,"292":0,"293":0,"294":0,"295":0,"296":6,"297":0,"298":0,"299":0,"300":0,"301":0,"302":0,"303":0,"304":0,"305":0,"306":0,"307":0,"308":1,"309":0,"310":0,"311":0,"312":0,"313":0,"314":0,"315":0,"316":0,"317":0,"318":0,"319":0,"320":0,"321":0,"322":0,"323":0,"324":0,"325":0,"326":1,"327":0,"328":0,"329":0,"330":0,"331":0,"332":0,"333":0,"334":0,"335":0,"336":0,"337":0,"338":0,"339":0,"340":9,"341":0,"342":0,"343":0,"344":0,"345":0,"346":0,"347":0,"348":0,"349":0,"350":0,"351":0,"352":0,"353":2,"354":0,"355":0,"356":2,"357":0,"358":0,"359":0,"360":0,"361":16,"362":0,"363":0,"364":0,"365":0,"366":0,"367":0,"368":0,"369":0,"370":0,"371":0,"372":0,"373":0,"374":1,"375":35,"376":2,"377":0,"378":0,"379":0,"380":0,"381":0,"382":7,"383":0,"384":0,"385":0,"386":0,"387":2,"388":0},"fnMap":{"1":{"name":"(anonymous_1)","line":2,"loc":{"start":{"line":2,"column":45},"end":{"line":2,"column":57}}},"2":{"name":"(anonymous_2)","line":4,"loc":{"start":{"line":4,"column":47},"end":{"line":4,"column":63}}},"3":{"name":"(anonymous_3)","line":5,"loc":{"start":{"line":5,"column":8},"end":{"line":5,"column":24}}},"4":{"name":"(anonymous_4)","line":6,"loc":{"start":{"line":6,"column":11},"end":{"line":6,"column":27}}},"5":{"name":"__","line":8,"loc":{"start":{"line":8,"column":8},"end":{"line":8,"column":22}}},"6":{"name":"(anonymous_6)","line":38,"loc":{"start":{"line":38,"column":56},"end":{"line":38,"column":112}}},"7":{"name":"(anonymous_7)","line":42,"loc":{"start":{"line":42,"column":3},"end":{"line":42,"column":18}}},"8":{"name":"(anonymous_8)","line":44,"loc":{"start":{"line":44,"column":3},"end":{"line":44,"column":15}}},"9":{"name":"(anonymous_9)","line":47,"loc":{"start":{"line":47,"column":56},"end":{"line":47,"column":86}}},"10":{"name":"(anonymous_10)","line":49,"loc":{"start":{"line":49,"column":3},"end":{"line":49,"column":18}}},"11":{"name":"(anonymous_11)","line":51,"loc":{"start":{"line":51,"column":3},"end":{"line":51,"column":15}}},"12":{"name":"action","line":54,"loc":{"start":{"line":54,"column":13},"end":{"line":54,"column":53}}},"13":{"name":"boundAction","line":64,"loc":{"start":{"line":64,"column":15},"end":{"line":64,"column":54}}},"14":{"name":"namedActionDecorator","line":72,"loc":{"start":{"line":72,"column":0},"end":{"line":72,"column":36}}},"15":{"name":"(anonymous_15)","line":73,"loc":{"start":{"line":73,"column":11},"end":{"line":73,"column":47}}},"16":{"name":"runInAction","line":83,"loc":{"start":{"line":83,"column":0},"end":{"line":83,"column":39}}},"17":{"name":"isAction","line":93,"loc":{"start":{"line":93,"column":0},"end":{"line":93,"column":25}}},"18":{"name":"defineBoundAction","line":97,"loc":{"start":{"line":97,"column":0},"end":{"line":97,"column":53}}},"19":{"name":"(anonymous_19)","line":98,"loc":{"start":{"line":98,"column":14},"end":{"line":98,"column":26}}},"20":{"name":"autorun","line":104,"loc":{"start":{"line":104,"column":0},"end":{"line":104,"column":35}}},"21":{"name":"(anonymous_21)","line":120,"loc":{"start":{"line":120,"column":38},"end":{"line":120,"column":50}}},"22":{"name":"reactionRunner","line":123,"loc":{"start":{"line":123,"column":4},"end":{"line":123,"column":30}}},"23":{"name":"when","line":130,"loc":{"start":{"line":130,"column":0},"end":{"line":130,"column":38}}},"24":{"name":"(anonymous_24)","line":144,"loc":{"start":{"line":144,"column":33},"end":{"line":144,"column":46}}},"25":{"name":"autorunAsync","line":155,"loc":{"start":{"line":155,"column":0},"end":{"line":155,"column":46}}},"26":{"name":"(anonymous_26)","line":175,"loc":{"start":{"line":175,"column":31},"end":{"line":175,"column":43}}},"27":{"name":"(anonymous_27)","line":178,"loc":{"start":{"line":178,"column":23},"end":{"line":178,"column":35}}},"28":{"name":"reactionRunner","line":185,"loc":{"start":{"line":185,"column":4},"end":{"line":185,"column":30}}},"29":{"name":"reaction","line":190,"loc":{"start"
[...]
","    else if (aIsMap !== isMapLike(b)) {","        return false;","    }","    else if (aIsArray) {","        if (a.length !== b.length)","            return false;","        for (var i = a.length - 1; i >= 0; i--)","            if (!deepEqual(a[i], b[i]))","                return false;","        return true;","    }","    else if (aIsMap) {","        if (a.size !== b.size)","            return false;","        var equals_1 = true;","        a.forEach(function (value, key) {","            equals_1 = equals_1 && deepEqual(b.get(key), value);","        });","        return equals_1;","    }","    else if (typeof a === \"object\" && typeof b === \"object\") {","        if (a === null || b === null)","            return false;","        if (isMapLike(a) && isMapLike(b)) {","            if (a.size !== b.size)","                return false;","            return deepEqual(observable.shallowMap(a).entries(), observable.shallowMap(b).entries());","        }","        if (getEnumerableKeys(a).length !== getEnumerableKeys(b).length)","            return false;","        for (var prop in a) {","            if (!(prop in b))","                return false;","            if (!deepEqual(a[prop], b[prop]))","                return false;","        }","        return true;","    }","    return false;","}","function createInstanceofPredicate(name, clazz) {","    var propName = \"isMobX\" + name;","    clazz.prototype[propName] = true;","    return function (x) {","        return isObject(x) && x[propName] === true;","    };","}","function isArrayLike(x) {","    return Array.isArray(x) || isObservableArray(x);","}","exports.isArrayLike = isArrayLike;","function isMapLike(x) {","    return isES6Map(x) || isObservableMap(x);","}","function isES6Map(thing) {","    if (getGlobal().Map !== undefined && thing instanceof getGlobal().Map)","        return true;","    return false;","}","function primitiveSymbol() {","    return (typeof Symbol === \"function\" && Symbol.toPrimitive) || \"@@toPrimitive\";","}","function toPrimitive(value) {","    return value === null ? null : typeof value === \"object\" ? (\"\" + value) : value;","}","","}).call(this,typeof global !== \"undefined\" ? global : typeof self !== \"undefined\" ? self : typeof window !== \"undefined\" ? window : {})","},{}]},{},[1])(1)","});"],"l":{"1":2,"2":1,"4":1,"5":1,"6":0,"7":0,"8":1,"9":3,"10":3,"11":3,"14":1,"15":1,"16":1,"36":1,"37":0,"39":1,"40":1,"41":0,"42":0,"43":0,"45":0,"47":0,"49":1,"50":0,"52":0,"54":0,"56":1,"57":0,"58":0,"59":0,"60":0,"61":0,"62":0,"63":0,"65":1,"66":1,"67":0,"68":0,"69":0,"70":0,"72":0,"74":1,"75":0,"76":0,"77":0,"78":0,"79":0,"80":0,"82":0,"85":1,"86":0,"87":0,"88":0,"89":0,"90":0,"91":0,"92":0,"94":1,"95":1,"96":0,"98":1,"99":1,"100":0,"101":0,"103":0,"104":0,"106":1,"107":0,"108":0,"109":0,"110":0,"111":0,"114":0,"115":0,"116":0,"118":0,"119":0,"120":0,"121":0,"122":0,"123":0,"125":1,"126":0,"128":0,"129":0,"131":1,"132":1,"133":0,"134":0,"135":0,"136":0,"137":0,"138":0,"141":0,"142":0,"143":0,"144":0,"146":0,"147":0,"148":0,"149":0,"150":0,"151":0,"154":0,"156":1,"157":1,"158":0,"159":0,"160":0,"161":0,"162":0,"163":0,"166":0,"167":0,"168":0,"169":0,"171":0,"172":0,"173":0,"174":0,"175":0,"176":0,"177":0,"178":0,"179":0,"180":0,"181":0,"182":0,"183":0,"187":1,"188":0,"189":0,"191":1,"192":1,"193":0,"194":0,"196":0,"197":0,"199":0,"200":0,"201":0,"204":0,"206":0,"207":0,"208":0,"209":0,"210":0,"211":0,"212":0,"214":0,"215":0,"216":0,"217":0,"218":0,"219":0,"221":0,"222":0,"223":0,"224":0,"225":0,"229":1,"230":0,"231":0,"232":0,"233":0,"234":0,"235":0,"236":0,"238":0,"239":0,"240":0,"241":0,"242":0,"243":0,"245":0,"246":0,"248":1,"249":1,"250":2,"251":0,"252":0,"253":0,"254":0,"256":0,"257":0,"258":0,"259":0,"261":0,"264":1,"265":1,"266":1,"267":0,"268":0,"270":0,"271":0,"272":0,"273":0,"274":0,"276":1,"277":1,"278":1,"279":0,"280":0,"281":0,"282":0,"283":0,"284":1,"285":0,"286":0,"287":0,"288":0,"290":0,"291":0,"292":0,"293":0,"294":0,"295":0,"297":0,"299":0,"300":0,"301":0,"302":0,"304":0,"305":0,"306":0,"307":0,"308":0,"309":0,"312":1,"313":1,"314":0,"315":0,"316":0,"317":0,"318":0,"319":0,"320":0,"321":0,"323":0,"325":1,"326":0,"327":0,"328":0,"330":1,"331":1,"332":0,"333":0,"334":0,"336":0,"338":1,"339":1,"340":0,"341":0,"342":0,"344":0,"346":1,"347":1,"348":0,"349":0,"350":0,"351":0,"352":0,"353":0,"355":0,"356":0,"357":0,"358":0,"359":0,"360":0,"361":0,"362":0,"363":0,"364":0,"365":0,"368":0,"370":1,"371":0,"373":1,"374":0,"377":0,"378":0,"379":0,"381":1,"382":0,"384":1,"385":0,"388":0,"389":0,"390":0,"392":1,"393":0,"394":0,"396":0,"398":1,"399":1,"400":0,"402":1,"403":0,"405":1,"406":0,"407":0,"408":0,"409":0,"410":0,"411":0,"412":0,"414":0,"416":1,"417":1,"418":0,"419":0,"420":0,"421":0,"422":0,"423":0,"424":0,"425":0,"427":0,"429":0,"431":1,"432":1,"433":1,"434":1,"435":1,"436":1,"437":1,"438":0,"439":0,"440":0,"441":0,"442":0,"443":0,"444":0,"445":0,"446":0,"447":0,"448":0,"450":1,"451":1,"453":1,"454":0,"455":0,"456":0,"458":1,"459":0,"460":0,"461":0,"463":1,"464":0,"465":0,"466":0,"468":1,"469":0,"470":0,"471":0,"473":1,"474":0,"475":0,"476":0,"478":1,"479":0,"480":0,"481":0,"483":1,"484":0,"485":0,"486":0,"487":0,"488":0,"489":0,"491":1,"492":0,"493":0,"494":0,"495":0,"496":0,"497":0,"499":1,"500":0,"501":0,"504":0,"507":1,"508":0,"509":0,"512":0,"515":1,"516":0,"517":0,"520":0,"523":1,"524":0,"525":0,"528":0,"531":1,"533":1,"534":1,"535":1,"536":12,"537":1,"538":1,"539":0,"540":0,"543":0,"546":1,"547":0,"549":1,"550":5,"551":5,"552":0,"553":0,"554":0,"555":0,"557":0,"558":0,"559":0,"560":0,"562":0,"565":1,"566":0,"567":0,"569":0,"571":1,"572":1,"573":0,"575":1,"576":0,"578":1,"579":0,"580":0,"581":1,"582":0,"583":0,"584":0,"586":0,"587":0,"588":0,"589":0,"590":0,"591":0,"592":0,"594":0,"595":0,"596":0,"597":0,"598":0,"599":0,"600":0,"602":0,"603":0,"604":0,"605":0,"606":0,"608":0,"609":0,"610":0,"611":0,"613":0,"614":0,"616":0,"618":1,"619":1,"620":0,"621":0,"622":0,"624":1,"625":1,"626":0,"627":0,"629":1,"630":0,"631":0,"633":1,"634":0,"636":0,"637":0,"638":0,"639":0,"641":0,"642":0,"644":0,"645":0,"646":0,"647":0,"648":0,"649":0,"651":1,"652":1,"653":0,"654":0,"655":0,"656":0,"658":0,"659":0,"660":0,"662":1,"663":0,"664":0,"665":0,"668":0,"671":1,"672":0,"673":0,"674":0,"675":0,"676":0,"677":0,"678":0,"679":0,"680":0,"681":0,"689":0,"690":0,"691":0,"692":0,"699":1,"700":0,"701":0,"702":0,"703":0,"704":0,"706":1,"707":0,"708":0,"709":0,"711":1,"712":1,"713":0,"715":1,"716":1,"717":0,"718":0,"719":0,"720":0,"723":0,"725":0,"727":1,"728":0,"729":0,"730":0,"732":1,"733":0,"735":1,"736":1,"737":0,"738":0,"739":0,"740":0,"741":0,"742":0,"743":0,"744":0,"746":1,"748":1,"749":0,"751":1,"752":0,"753":0,"754":0,"756":1,"757":0,"759":1,"761":1,"762":1,"763":1,"764":1,"765":0,"766":0,"767":0,"768":0,"769":0,"770":0,"771":0,"772":0,"773":0,"774":0,"776":1,"777":0,"778":0,"779":0,"780":0,"781":0,"783":0,"784":0,"786":1,"787":0,"788":0,"790":1,"792":1,"793":1,"794":1,"795":1,"796":0,"797":0,"798":0,"799":0,"800":0,"801":0,"802":0,"803":0,"804":0,"805":0,"806":0,"807":0,"808":0,"809":0,"810":0,"811":0,"812":0,"813":0,"814":0,"815":0,"816":0,"818":1,"819":0,"821":1,"822":0,"823":0,"825":1,"826":0,"827":0,"828":0,"829":0,"830":0,"831":0,"834":0,"835":0,"836":0,"837":0,"839":0,"840":0,"841":0,"842":0,"844":1,"845":0,"846":0,"847":0,"848":0,"850":1,"851":0,"852":0,"853":0,"854":0,"855":0,"858":0,"862":0,"864":1,"865":0,"866":0,"872":0,"873":0,"874":0,"876":1,"877":0,"878":0,"879":0,"880":0,"881":0,"884":0,"885":0,"888":0,"891":0,"892":0,"893":0,"896":1,"897":0,"898":0,"899":0,"900":0,"901":0,"902":0,"903":0,"904":0,"910":0,"912":0,"913":0,"916":1,"917":0,"919":1,"920":0,"922":1,"923":0,"926":1,"927":0,"928":0,"929":0,"930":0,"934":1,"936":1,"937":1,"938":1,"939":1,"940":1,"941":1,"942":1,"943":1,"945":1,"946":1,"947":1,"948":0,"950":1,"952":1,"953":0,"955":1,"956":0,"957":0,"959":0,"961":0,"962":0,"963":0,"964":0,"965":0,"966":0,"967":0,"970":0,"971":0,"973":0,"974":0,"975":0,"979":0,"980":0,"981":0,"985":1,"986":0,"988":1,"989":0,"990":0,"991":0,"992":0,"993":0,"995":1,"996":0,"997":0,"998":0,"999":0,"1000":0,"1001":0,"1002":0,"1003":0,"1004":0,"1007":0,"1009":0,"1010":0,"1011":0,"1013":1,"1014":0,"1015":0,"1016":0,"1017":0,"1018":0,"1019":0,"1020":0,"1021":0,"1022":0,"1023":0,"1024":0,"1025":0,"1027":0,"1028":0,"1031":0,"1032":0,"1033":0,"1034":0,"1035":0,"1036":0,"1038":0,"1040":0,"1041":0,"1042":0,"1043":0,"1044":0,"1047":0,"1048":0,"1049":0,"1052":1,"1053":0,"1054":0,"1055":0,"1056":0,"1057":0,"1058":0,"1060":1,"1061":0,"1062":0,"1063":0,"1064":0,"1066":1,"1067":1,"1068":0,"1069":0,"1070":0,"1072":1,"1073":0,"1075":1,"1076":0,"1077":0,"1078":0,"1079":0,"1080":0,"1081":0,"1082":0,"1084":1,"1085":1,"1086":1,"1087":1,"1088":1,"1089":1,"1090":1,"1091":1,"1092":1,"1093":1,"1094":1,"1095":1,"1096":1,"1097":1,"1098":1,"1099":1,"1100":1,"1102":1,"1104":1,"1105":1,"1106":0,"1107":0,"1108":0,"1109":0,"1110":0,"1111":0,"1112":0,"1113":0,"1115":0,"1117":1,"1118":0,"1120":1,"1122":1,"1123":0,"1124":0,"1125":0,"1126":0,"1127":0,"1128":0,"1130":1,"1131":0,"1133":1,"1134":0,"1136":1,"1137":0,"1138":0,"1139":0,"1140":0,"1141":0,"1142":0,"1143":0,"1146":0,"1149":0,"1151":1,"1152":0,"1153":0,"1154":0,"1156":0,"1157":0,"1158":0,"1160":1,"1161":0,"1162":0,"1163":0,"1166":0,"1167":0,"1168":0,"1169":0,"1170":0,"1171":0,"1172":0,"1175":0,"1177":0,"1179":0,"1182":1,"1183":0,"1184":0,"1185":0,"1188":1,"1189":0,"1191":1,"1192":0,"1193":0,"1194":0,"1195":0,"1196":0,"1197":0,"1198":0,"1199":0,"1202":0,"1205":1,"1206":0,"1207":0,"1208":0,"1209":0,"1210":0,"1213":0,"1214":0,"1217":1,"1218":0,"1219":0,"1220":0,"1221":0,"1223":1,"1224":0,"1225":0,"1226":0,"1227":0,"1228":0,"1229":0,"1230":0,"1231":0,"1232":0,"1233":0,"1236":1,"1237":0,"1238":0,"1239":0,"1240":0,"1241":0,"1242":0,"1243":0,"1244":0,"1245":0,"1246":0,"1247":0,"1250":1,"1251":0,"1252":0,"1253":0,"1254":0,"1255":0,"1256":0,"1257":0,"1258":0,"1259":0,"1260":0,"1264":1,"1265":1,"1266":0,"1267":0,"1268":0,"1269":0,"1270":0,"1271":0,"1272":0,"1273":0,"1274":0,"1275":0,"1276":0,"1277":0,"1278":0,"1279":0,"1281":1,"1282":0,"1284":1,"1285":0,"1286":0,"1287":0,"1288":0,"1291":1,"1292":0,"1294":1,"1295":0,"1296":0,"1297":0,"1298":0,"1299":0,"1300":0,"1301":0,"1302":0,"1308":0,"1311":1,"1312":0,"1313":0,"1314":0,"1315":0,"1316":0,"1317":0,"1323":0,"1324":0,"1325":0,"1326":0,"1327":0,"1328":0,"1330":0,"1331":0,"1332":0,"1333":0,"1337":0,"1339":1,"1340":0,"1341":0,"1342":0,"1343":0,"1345":0,"1346":0,"1347":0,"1348":0,"1349":0,"1356":0,"1358":1,"1359":0,"1360":0,"1361":0,"1362":0,"1363":0,"1364":0,"1368":1,"1369":0,"1370":0,"1371":0,"1372":0,"1374":1,"1375":0,"1377":1,"1378":0,"1379":0,"1381":1,"1383":1,"1384":1,"1385":0,"1386":0,"1387":0,"1389":1,"1390":0,"1391":0,"1392":0,"1393":0,"1394":0,"1397":1,"1398":1,"1399":1,"1400":0,"1401":0,"1402":0,"1404":1,"1405":0,"1406":0,"1407":0,"1408":0,"1409":0,"1410":0,"1412":0,"1414":0,"1415":0,"1416":0,"1418":0,"1420":1,"1421":1,"1422":0,"1423":0,"1425":1,"1426":0,"1428":1,"1429":0,"1430":0,"1431":0,"1432":0,"1433":0,"1435":1,"1436":0,"1437":0,"1439":1,"1440":1,"1441":0,"1442":0,"1444":0,"1446":1,"1447":0,"1448":0,"1449":0,"1450":0,"1451":0,"1454":1,"1455":1,"1456":0,"1458":1,"1459":0,"1460":0,"1461":0,"1462":0,"1463":0,"1464":0,"1467":1,"1468":0,"1469":0,"1470":0,"1471":0,"1472":0,"1473":0,"1474":0,"1475":0,"1476":0,"1478":0,"1481":0,"1484":1,"1485":0,"1487":1,"1488":0,"1489":0,"1490":0,"1491":0,"1492":0,"1493":0,"1496":1,"1497":0,"1498":0,"1499":0,"1500":0,"1501":0,"1502":0,"1503":0,"1505":0,"1507":1,"1508":0,"1509":0,"1511":1,"1512":1,"1513":0,"1514":0,"1516":1,"1517":1,"1518":0,"1519":0,"1521":1,"1522":1,"1523":0,"1524":0,"1526":1,"1527":1,"1528":0,"1530":1,"1531":1,"1532":0,"1533":0,"1539":1,"1540":0,"1541":0,"1542":0,"1543":0,"1544":0,"1545":0,"1546":0,"1547":0,"1548":0,"1549":0,"1550":0,"1552":1,"1553":0,"1554":0,"1555":0,"1556":0,"1557":0,"1558":0,"1559":0,"1560":0,"1561":0,"1562":0,"1563":0,"1564":0,"1565":0,"1567":1,"1568":0,"1570":1,"1571":0,"1572":0,"1573":0,"1574":0,"1575":0,"1576":0,"1577":0,"1578":0,"1579":0,"1580":0,"1581":0,"1582":0,"1583":0,"1585":0,"1587":1,"1588":0,"1589":0,"1590":0,"1592":1,"1593":1,"1594":1,"1595":1,"1596":1,"1597":1,"1598":1,"1600":1,"1601":1,"1602":1,"1604":1,"1606":1,"1607":1,"1608":1,"1609":0,"1610":0,"1611":0,"1612":0,"1613":0,"1614":0,"1615":0,"1617":1,"1618":0,"1620":1,"1621":0,"1622":0,"1623":0,"1633":0,"1635":1,"1636":0,"1637":0,"1639":1,"1640":0,"1641":0,"1642":0,"1643":0,"1644":0,"1645":0,"1646":0,"1647":0,"1648":0,"1649":0,"1652":0,"1654":1,"1655":0,"1656":0,"1657":0,"1658":0,"1659":0,"1661":1,"1662":0,"1663":0,"1664":0,"1665":0,"1666":0,"1667":0,"1668":0,"1669":0,"1670":0,"1671":0,"1672":0,"1673":0,"1674":0,"1676":0,"1677":0,"1678":0,"1679":0,"1680":0,"1687":0,"1688":0,"1689":0,"1690":0,"1692":0,"1693":0,"1694":0,"1695":0,"1696":0,"1697":0,"1698":0,"1700":1,"1701":0,"1702":0,"1705":0,"1706":0,"1707":0,"1709":0,"1711":1,"1712":0,"1713":0,"1714":0,"1719":0,"1720":0,"1721":0,"1722":0,"1723":0,"1724":0,"1725":0,"1727":1,"1728":0,"1729":0,"1730":0,"1737":0,"1738":0,"1739":0,"1740":0,"1741":0,"1742":0,"1743":0,"1745":1,"1747":1,"1748":1,"1749":1,"1750":0,"1751":0,"1752":0,"1753":0,"1754":0,"1755":0,"1756":0,"1757":0,"1758":0,"1761":0,"1763":0,"1764":0,"1766":0,"1768":1,"1769":0,"1771":1,"1772":0,"1773":0,"1775":1,"1776":0,"1778":1,"1779":0,"1780":0,"1781":0,"1783":0,"1784":0,"1786":1,"1787":0,"1789":1,"1790":0,"1792":1,"1793":0,"1795":1,"1796":0,"1798":1,"1799":0,"1800":0,"1801":0,"1802":0,"1803":0,"1804":0,"1805":0,"1807":1,"1808":0,"1809":0,"1810":0,"1812":0,"1814":0,"1816":0,"1818":0,"1820":0,"1822":1,"1823":0,"1825":1,"1826":0,"1827":0,"1828":0,"1830":0,"1831":0,"1832":0,"1834":1,"1835":0,"1837":1,"1838":0,"1840":1,"1841":0,"1842":0,"1843":0,"1845":0,"1846":0,"1847":0,"1849":1,"1850":0,"1851":0,"1852":0,"1854":1,"1855":0,"1856":0,"1857":0,"1859":1,"1860":0,"1861":0,"1862":0,"1863":0,"1865":0,"1867":1,"1868":1,"1869":0,"1870":0,"1872":0,"1873":0,"1874":0,"1877":0,"1878":0,"1879":0,"1880":0,"1882":0,"1883":0,"1884":0,"1885":0,"1888":0,"1890":0,"1892":1,"1893":0,"1894":0,"1896":1,"1897":0,"1898":0,"1900":1,"1901":0,"1902":0,"1903":0,"1904":0,"1905":0,"1907":0,"1909":0,"1911":1,"1912":0,"1913":0,"1914":0,"1915":0,"1916":0,"1917":0,"1918":0,"1923":0,"1924":0,"1925":0,"1927":0,"1928":0,"1929":0,"1930":0,"1931":0,"1934":0,"1935":0,"1938":0,"1941":1,"1943":1,"1944":0,"1946":1,"1972":1,"1976":0,"1979":0,"1982":1,"1995":11,"1996":11,"1997":11,"1998":0,"1999":0,"2002":1,"2003":1,"2004":1001,"2008":0,"2011":0,"2015":1,"2016":1000,"2018":1,"2019":1,"2020":1000,"2021":1,"2023":1,"2024":1,"2025":1,"2026":0,"2028":1,"2029":1,"2030":1,"2031":1,"2032":0,"2033":0,"2034":0,"2035":0,"2036":0,"2037":0,"2038":0,"2039":0,"2040":0,"2041":0,"2042":0,"2044":1,"2045":0,"2047":1,"2048":0,"2049":0,"2050":0,"2051":0,"2052":0,"2053":0,"2055":1,"2056":0,"2057":0,"2058":0,"2059":0,"2060":0,"2066":0,"2067":0,"2068":0,"2070":0,"2071":0,"2074":0,"2076":0,"2078":1,"2079":0,"2080":0,"2081":0,"2082":0,"2083":0,"2088":0,"2089":0,"2091":0,"2092":0,"2093":0,"2094":0,"2100":0,"2101":0,"2102":0,"2103":0,"2104":0,"2105":0,"2106":0,"2107":0,"2109":0,"2110":0,"2111":0,"2112":0,"2113":0,"2115":0,"2117":1,"2118":0,"2119":0,"2120":0,"2123":0,"2125":0,"2127":1,"2128":0,"2129":0,"2130":0,"2131":0,"2132":0,"2133":0,"2139":0,"2140":0,"2141":0,"2142":0,"2143":0,"2144":0,"2145":0,"2148":1,"2149":0,"2150":0,"2151":0,"2152":0,"2153":0,"2154":0,"2156":0,"2157":0,"2158":0,"2163":0,"2164":0,"2165":0,"2166":0,"2167":0,"2168":0,"2170":1,"2171":0,"2172":0,"2173":0,"2174":0,"2176":1,"2177":0,"2179":1,"2180":0,"2182":1,"2183":0,"2184":0,"2186":1,"2187":0,"2188":0,"2190":1,"2191":0,"2192":0,"2193":0,"2195":0,"2196":0,"2197":0,"2198":0,"2199":0,"2200":0,"2201":0,"2203":0,"2204":0,"2205":0,"2206":0,"2208":0,"2210":1,"2211":0,"2212":0,"2213":0,"2214":0,"2218":1,"2219":0,"2220":0,"2221":0,"2222":0,"2224":0,"2226":1,"2228":0,"2233":1,"2234":0,"2235":0,"2236":0,"2237":0,"2239":1,"2240":0,"2242":1,"2243":0,"2244":0,"2245":0,"2246":0,"2247":0,"2249":1,"2250":0,"2251":0,"2253":1,"2254":0,"2255":0,"2257":1,"2258":0,"2259":0,"2261":1,"2262":0,"2264":1,"2266":1,"2267":1,"2268":0,"2270":1,"2271":0,"2272":0,"2274":1,"2275":1,"2276":1,"2277":1,"2278":1,"2279":0,"2280":0,"2281":0,"2282":0,"2283":0,"2285":1,"2286":0,"2287":0,"2289":1,"2290":0,"2292":1,"2294":1,"2295":0,"2296":0,"2297":0,"2298":0,"2299":0,"2300":0,"2301":0,"2302":0,"2303":0,"2304":0,"2306":1,"2307":0,"2308":0,"2309":0,"2310":0,"2312":0,"2313":0,"2314":0,"2315":0,"2317":0,"2318":0,"2320":0,"2321":0,"2324":0,"2328":0,"2331":1,"2332":0,"2333":0,"2334":0,"2340":0,"2341":0,"2342":0,"2344":0,"2345":0,"2346":0,"2347":0,"2349":1,"2350":0,"2351":0,"2352":0,"2353":0,"2354":0,"2357":1,"2358":0,"2359":0,"2360":0,"2361":0,"2362":0,"2363":0,"2365":1,"2366":1,"2367":1,"2368":0,"2372":0,"2375":0,"2379":1,"2380":0,"2384":0,"2387":0,"2391":1,"2392":0,"2393":0,"2394":0,"2395":0,"2400":0,"2401":0,"2402":0,"2404":0,"2405":0,"2406":0,"2407":0,"2408":0,"2414":0,"2415":0,"2416":0,"2417":0,"2418":0,"2419":0,"2420":0,"2423":1,"2424":0,"2425":0,"2426":0,"2430":0,"2431":0,"2432":0,"2433":0,"2434":0,"2435":0,"2437":1,"2438":1,"2439":0,"2440":0,"2441":0,"2443":0,"2445":1,"2446":1,"2447":1,"2448":1,"2449":1,"2450":0,"2451":0,"2452":0,"2453":0,"2454":0,"2455":0,"2456":0,"2457":0,"2459":0,"2461":1,"2462":0,"2463":0,"2464":0,"2465":0,"2466":0,"2467":0,"2473":0,"2474":0,"2475":0,"2478":1,"2479":0,"2480":0,"2481":0,"2482":0,"2483":0,"2484":0,"2486":0,"2487":0,"2491":1,"2492":0,"2493":0,"2494":0,"2495":0,"2496":0,"2504":1,"2505":0,"2506":0,"2508":1,"2509":0,"2511":1,"2512":0,"2513":0,"2519":0,"2521":1,"2522":0,"2524":1,"2525":0,"2527":1,"2528":0,"2530":1,"2532":1,"2533":1,"2534":1,"2535":1,"2536":0,"2537":0,"2538":0,"2539":0,"2541":0,"2542":0,"2543":0,"2544":0,"2545":0,"2546":0,"2547":0,"2549":0,"2550":0,"2551":0,"2552":0,"2553":0,"2554":0,"2555":0,"2557":0,"2558":0,"2561":0,"2562":0,"2563":0,"2566":0,"2568":1,"2569":0,"2570":0,"2571":0,"2572":0,"2573":0,"2574":0,"2575":0,"2576":0,"2577":0,"2578":0,"2579":0,"2581":1,"2582":0,"2583":0,"2584":0,"2585":0,"2586":0,"2588":0,"2589":0,"2591":1,"2592":1,"2593":0,"2594":0,"2595":0,"2596":0,"2600":0,"2601":0,"2602":0,"2605":0,"2606":0,"2609":0,"2613":0,"2614":0,"2616":0,"2619":0,"2620":0,"2622":0,"2623":0,"2624":0,"2626":0,"2629":0,"2630":0,"2631":0,"2634":0,"2635":0,"2636":0,"2641":9,"2642":1,"2643":0,"2644":0,"2645":0,"2646":0,"2647":0,"2650":8,"2652":1,"2653":0,"2654":0,"2655":0,"2656":0,"2658":1,"2659":0,"2660":0,"2661":0,"2662":0,"2663":0,"2666":1,"2667":0,"2669":1,"2670":2,"2672":1,"2673":1,"2674":0,"2675":0,"2676":0,"2677":0,"2678":0,"2679":0,"2684":0,"2686":1,"2687":2,"2689":1,"2729":1,"2730":0,"2732":1,"2733":1,"2734":1,"2735":0,"2737":1,"2738":0,"2740":1,"2741":0,"2742":0,"2744":1,"2745":16,"2746":0,"2748":1,"2749":1,"2750":0,"2751":0,"2752":0,"2753":0,"2754":0,"2756":1,"2757":0,"2758":0,"2759":0,"2760":0,"2761":0,"2762":0,"2765":1,"2766":1,"2767":0,"2768":0,"2769":0,"2770":0,"2772":0,"2774":1,"2775":0,"2776":0,"2777":0,"2778":0,"2779":0,"2780":0,"2782":1,"2783":0,"2785":1,"2786":0,"2787":0,"2788":0,"2789":0,"2791":1,"2792":0,"2793":0,"2794":0,"2795":0,"2796":0,"2797":0,"2800":0,"2802":1,"2803":0,"2804":0,"2806":0,"2810":1,"2811":1,"2812":0,"2814":1,"2815":1,"2816":24,"2819":1,"2820":35,"2827":1,"2828":2,"2835":1,"2836":0,"2837":0,"2839":1,"2840":0,"2842":1,"2843":0,"2844":0,"2845":0,"2846":0,"2848":1,"2849":0,"2850":0,"2851":0,"2852":0,"2853":0,"2854":0,"2855":0,"2856":0,"2857":0,"2858":0,"2860":0,"2861":0,"2863":0,"2864":0,"2865":0,"2866":0,"2867":0,"2868":0,"2869":0,"2871":0,"2872":0,"2873":0,"2874":0,"2875":0,"2876":0,"2878":0,"2880":0,"2881":0,"2882":0,"2883":0,"2884":0,"2885":0,"2886":0,"2888":0,"2889":0,"2890":0,"2891":0,"2892":0,"2893":0,"2894":0,"2896":0,"2898":0,"2900":1,"2901":7,"2902":7,"2903":7,"2904":0,"2907":1,"2908":0,"2910":1,"2911":1,"2912":0,"2914":1,"2915":0,"2916":0,"2917":0,"2919":1,"2920":2,"2922":1,"2923":0}}}